Sender: LSF System <lsfadmin@n259>
Subject: Job 23136333: <gatk_VFwrapper_pdam> in cluster <mk2> Done

Job <gatk_VFwrapper_pdam> was submitted from host <n283> by user <m.connelly> in cluster <mk2>.
Job was executed on host(s) <8*n259>, in queue <general>, as user <m.connelly> in cluster <mk2>.
</nethome/m.connelly> was used as the home directory.
</scratch/projects/transcriptomics/mikeconnelly/projects/MetaPocillopora> was used as the working directory.
Started at Fri Dec 13 16:58:34 2019
Results reported on Fri Dec 13 16:58:35 2019

Your job looked like:

------------------------------------------------------------
# LSBATCH: User input
#!/bin/bash
#./bash/gatk_VFwrapper_Pdam.sh
#purpose: hard-filter variants for EAPSI SNP phylotranscriptomics analysis
#To start this job from the MetaPocillopora directory, use:
#bsub -P transcriptomics < ./bash/gatk_VFwrapper_Pdam.sh

#BSUB -J gatk_VFwrapper_pdam
#BSUB -q general
#BSUB -P transcriptomics
#BSUB -o gatk_VFwrapper_pdam%J.out
#BSUB -e gatk_VFwrapper_pdam%J.err
#BSUB -n 8
#BSUB -u m.connelly1@umiami.edu

#specify variable containing sequence file prefixes and directory paths
mcs="/scratch/projects/transcriptomics/mikeconnelly"
prodir="/scratch/projects/transcriptomics/mikeconnelly/projects/MetaPocillopora"
#Yuan et al. 2017 (12), Boston University (8),
SRRnums="SRR3727281 SRR3727374 SRR3727379 SRR3727380 SRR3727383 SRR3727387 SRR3727388 SRR3727390 SRR3727400 SRR3727418 SRR3727424 SRR3727425 SRR8568563 SRR8568564 SRR8568567 SRR8568568 SRR8568569 SRR8568565 SRR8568566 SRR8568570"

#lets me know which files are being processed
echo "These are the bam files to be processed : $SRRnums"

#loop to automate generation of scripts to direct sample variant filtering
for SRRnum in $SRRnums
do \
echo "Fitlering variants in ${SRRnum}"

#   input BSUB commands
echo '#!/bin/bash' > "${prodir}"/bash/jobs/"${SRRnum}"_gatkVF_pdam.job
echo '#BSUB -q general' >> "${prodir}"/bash/jobs/"${SRRnum}"_gatkVF_pdam.job
echo '#BSUB -J '"${SRRnum}"_gatkVF_pdam'' >> "${prodir}"/bash/jobs/"${SRRnum}"_gatkVF_pdam.job
echo '#BSUB -o '"${prodir}"/outputs/logfiles/"$SRRnum"gatkVF_pdam%J.out'' >> "${prodir}"/bash/jobs/"${SRRnum}"_gatkVF_pdam.job
echo '#BSUB -e '"${prodir}"/outputs/errorfiles/"$SRRnum"gatkVF_pdam%J.err'' >> "${prodir}"/bash/jobs/"${SRRnum}"_gatkVF_pdam.job
echo '#BSUB -n 8' >> "${prodir}"/bash/jobs/"${SRRnum}"_gatkVF_pdam.job
echo '#BSUB -W 4:00' >> "${prodir}"/bash/jobs/"${SRRnum}"_gatkVF_pdam.job
#input command to run GATK VariantFiltration
echo "java \
-jar /share/apps/GATK/3.4.0/GenomeAnalysisTK.jar \
-T VariantFiltration \
-R ${mcs}/sequences/genomes/coral/pocillopora/pdam_genome.fasta \
-V "${prodir}"/outputs/phylotrans_Pdam/"${SRRnum}".g.vcf.gz \
-window 35 \
-cluster 3 \
-filterName FS \
-filter \"FS > 30.0\" \
-filterName QD \
-filter \"QD < 2.0\" \
-o  "${prodir}"/outputs/phylotrans_Pdam/"${SRRnum}".filtered.vcf.gz" >> "${prodir}"/bash/jobs/"${SRRnum}"_gatkVF_pdam.job
#lets me know file is done

(... more ...)
------------------------------------------------------------

Successfully completed.

Resource usage summary:

    CPU time :                                   0.52 sec.
    Total Requested Memory :                     12000.00 MB
    Delta Memory :                               -

The output (if any) follows:

These are the bam files to be processed : SRR3727281 SRR3727374 SRR3727379 SRR3727380 SRR3727383 SRR3727387 SRR3727388 SRR3727390 SRR3727400 SRR3727418 SRR3727424 SRR3727425 SRR8568563 SRR8568564 SRR8568567 SRR8568568 SRR8568569 SRR8568565 SRR8568566 SRR8568570
Fitlering variants in SRR3727281
GATK VariantFiltration script of SRR3727281 submitted
Job <23136334> is submitted to queue <general>.
Fitlering variants in SRR3727374
GATK VariantFiltration script of SRR3727374 submitted
Job <23136335> is submitted to queue <general>.
Fitlering variants in SRR3727379
GATK VariantFiltration script of SRR3727379 submitted
Job <23136336> is submitted to queue <general>.
Fitlering variants in SRR3727380
GATK VariantFiltration script of SRR3727380 submitted
Job <23136337> is submitted to queue <general>.
Fitlering variants in SRR3727383
GATK VariantFiltration script of SRR3727383 submitted
Job <23136338> is submitted to queue <general>.
Fitlering variants in SRR3727387
GATK VariantFiltration script of SRR3727387 submitted
Job <23136339> is submitted to queue <general>.
Fitlering variants in SRR3727388
GATK VariantFiltration script of SRR3727388 submitted
Job <23136340> is submitted to queue <general>.
Fitlering variants in SRR3727390
GATK VariantFiltration script of SRR3727390 submitted
Job <23136341> is submitted to queue <general>.
Fitlering variants in SRR3727400
GATK VariantFiltration script of SRR3727400 submitted
Job <23136342> is submitted to queue <general>.
Fitlering variants in SRR3727418
GATK VariantFiltration script of SRR3727418 submitted
Job <23136343> is submitted to queue <general>.
Fitlering variants in SRR3727424
GATK VariantFiltration script of SRR3727424 submitted
Job <23136344> is submitted to queue <general>.
Fitlering variants in SRR3727425
GATK VariantFiltration script of SRR3727425 submitted
Job <23136345> is submitted to queue <general>.
Fitlering variants in SRR8568563
GATK VariantFiltration script of SRR8568563 submitted
Job <23136346> is submitted to queue <general>.
Fitlering variants in SRR8568564
GATK VariantFiltration script of SRR8568564 submitted
Job <23136347> is submitted to queue <general>.
Fitlering variants in SRR8568567
GATK VariantFiltration script of SRR8568567 submitted
Job <23136348> is submitted to queue <general>.
Fitlering variants in SRR8568568
GATK VariantFiltration script of SRR8568568 submitted
Job <23136349> is submitted to queue <general>.
Fitlering variants in SRR8568569
GATK VariantFiltration script of SRR8568569 submitted
Job <23136350> is submitted to queue <general>.
Fitlering variants in SRR8568565
GATK VariantFiltration script of SRR8568565 submitted
Job <23136351> is submitted to queue <general>.
Fitlering variants in SRR8568566
GATK VariantFiltration script of SRR8568566 submitted
Job <23136352> is submitted to queue <general>.
Fitlering variants in SRR8568570
GATK VariantFiltration script of SRR8568570 submitted
Job <23136353> is submitted to queue <general>.


PS:

Read file <gatk_VFwrapper_pdam23136333.err> for stderr output of this job.

