Picked up _JAVA_OPTIONS: -Xmx2g
##### ERROR ------------------------------------------------------------------------------------------
##### ERROR A USER ERROR has occurred (version 3.4-0-g7e26428): 
##### ERROR
##### ERROR This means that one or more arguments or inputs in your command are incorrect.
##### ERROR The error message below tells you what is the problem.
##### ERROR
##### ERROR If the problem is an invalid argument, please check the online documentation guide
##### ERROR (or rerun your command with --help) to view allowable command-line arguments for this tool.
##### ERROR
##### ERROR Visit our website and forum for extensive documentation and answers to 
##### ERROR commonly asked questions http://www.broadinstitute.org/gatk
##### ERROR
##### ERROR Please do NOT post this error to the GATK forum unless you have really tried to fix it yourself.
##### ERROR
##### ERROR MESSAGE: Argument with name 'known-sites' isn't defined.
##### ERROR ------------------------------------------------------------------------------------------
Picked up _JAVA_OPTIONS: -Xmx2g
##### ERROR ------------------------------------------------------------------------------------------
##### ERROR A USER ERROR has occurred (version 3.4-0-g7e26428): 
##### ERROR
##### ERROR This means that one or more arguments or inputs in your command are incorrect.
##### ERROR The error message below tells you what is the problem.
##### ERROR
##### ERROR If the problem is an invalid argument, please check the online documentation guide
##### ERROR (or rerun your command with --help) to view allowable command-line arguments for this tool.
##### ERROR
##### ERROR Visit our website and forum for extensive documentation and answers to 
##### ERROR commonly asked questions http://www.broadinstitute.org/gatk
##### ERROR
##### ERROR Please do NOT post this error to the GATK forum unless you have really tried to fix it yourself.
##### ERROR
##### ERROR MESSAGE: Argument with name 'known-sites' isn't defined.
##### ERROR ------------------------------------------------------------------------------------------
Picked up _JAVA_OPTIONS: -Xmx2g
##### ERROR ------------------------------------------------------------------------------------------
##### ERROR A USER ERROR has occurred (version 3.4-0-g7e26428): 
##### ERROR
##### ERROR This means that one or more arguments or inputs in your command are incorrect.
##### ERROR The error message below tells you what is the problem.
##### ERROR
##### ERROR If the problem is an invalid argument, please check the online documentation guide
##### ERROR (or rerun your command with --help) to view allowable command-line arguments for this tool.
##### ERROR
##### ERROR Visit our website and forum for extensive documentation and answers to 
##### ERROR commonly asked questions http://www.broadinstitute.org/gatk
##### ERROR
##### ERROR Please do NOT post this error to the GATK forum unless you have really tried to fix it yourself.
##### ERROR
##### ERROR MESSAGE: Argument with name 'known-sites' isn't defined.
##### ERROR ------------------------------------------------------------------------------------------
Picked up _JAVA_OPTIONS: -Xmx2g
##### ERROR ------------------------------------------------------------------------------------------
##### ERROR A USER ERROR has occurred (version 3.4-0-g7e26428): 
##### ERROR
##### ERROR This means that one or more arguments or inputs in your command are incorrect.
##### ERROR The error message below tells you what is the problem.
##### ERROR
##### ERROR If the problem is an invalid argument, please check the online documentation guide
##### ERROR (or rerun your command with --help) to view allowable command-line arguments for this tool.
##### ERROR
##### ERROR Visit our website and forum for extensive documentation and answers to 
##### ERROR commonly asked questions http://www.broadinstitute.org/gatk
##### ERROR
##### ERROR Please do NOT post this error to the GATK forum unless you have really tried to fix it yourself.
##### ERROR
##### ERROR MESSAGE: Argument with name 'known-sites' isn't defined.
##### ERROR ------------------------------------------------------------------------------------------
Picked up _JAVA_OPTIONS: -Xmx2g
##### ERROR ------------------------------------------------------------------------------------------
##### ERROR A USER ERROR has occurred (version 3.4-0-g7e26428): 
##### ERROR
##### ERROR This means that one or more arguments or inputs in your command are incorrect.
##### ERROR The error message below tells you what is the problem.
##### ERROR
##### ERROR If the problem is an invalid argument, please check the online documentation guide
##### ERROR (or rerun your command with --help) to view allowable command-line arguments for this tool.
##### ERROR
##### ERROR Visit our website and forum for extensive documentation and answers to 
##### ERROR commonly asked questions http://www.broadinstitute.org/gatk
##### ERROR
##### ERROR Please do NOT post this error to the GATK forum unless you have really tried to fix it yourself.
##### ERROR
##### ERROR MESSAGE: Argument with name 'known-sites' isn't defined.
##### ERROR ------------------------------------------------------------------------------------------
Picked up _JAVA_OPTIONS: -Xmx2g
##### ERROR ------------------------------------------------------------------------------------------
##### ERROR A USER ERROR has occurred (version 3.4-0-g7e26428): 
##### ERROR
##### ERROR This means that one or more arguments or inputs in your command are incorrect.
##### ERROR The error message below tells you what is the problem.
##### ERROR
##### ERROR If the problem is an invalid argument, please check the online documentation guide
##### ERROR (or rerun your command with --help) to view allowable command-line arguments for this tool.
##### ERROR
##### ERROR Visit our website and forum for extensive documentation and answers to 
##### ERROR commonly asked questions http://www.broadinstitute.org/gatk
##### ERROR
##### ERROR Please do NOT post this error to the GATK forum unless you have really tried to fix it yourself.
##### ERROR
##### ERROR MESSAGE: Argument with name 'known-sites' isn't defined.
##### ERROR ------------------------------------------------------------------------------------------
Picked up _JAVA_OPTIONS: -Xmx2g
##### ERROR ------------------------------------------------------------------------------------------
##### ERROR A USER ERROR has occurred (version 3.4-0-g7e26428): 
##### ERROR
##### ERROR This means that one or more arguments or inputs in your command are incorrect.
##### ERROR The error message below tells you what is the problem.
##### ERROR
##### ERROR If the problem is an invalid argument, please check the online documentation guide
##### ERROR (or rerun your command with --help) to view allowable command-line arguments for this tool.
##### ERROR
##### ERROR Visit our website and forum for extensive documentation and answers to 
##### ERROR commonly asked questions http://www.broadinstitute.org/gatk
##### ERROR
##### ERROR Please do NOT post this error to the GATK forum unless you have really tried to fix it yourself.
##### ERROR
##### ERROR MESSAGE: Argument with name 'known-sites' isn't defined.
##### ERROR ------------------------------------------------------------------------------------------
Picked up _JAVA_OPTIONS: -Xmx2g
##### ERROR ------------------------------------------------------------------------------------------
##### ERROR A USER ERROR has occurred (version 3.4-0-g7e26428): 
##### ERROR
##### ERROR This means that one or more arguments or inputs in your command are incorrect.
##### ERROR The error message below tells you what is the problem.
##### ERROR
##### ERROR If the problem is an invalid argument, please check the online documentation guide
##### ERROR (or rerun your command with --help) to view allowable command-line arguments for this tool.
##### ERROR
##### ERROR Visit our website and forum for extensive documentation and answers to 
##### ERROR commonly asked questions http://www.broadinstitute.org/gatk
##### ERROR
##### ERROR Please do NOT post this error to the GATK forum unless you have really tried to fix it yourself.
##### ERROR
##### ERROR MESSAGE: Argument with name 'known-sites' isn't defined.
##### ERROR ------------------------------------------------------------------------------------------
Picked up _JAVA_OPTIONS: -Xmx2g
##### ERROR ------------------------------------------------------------------------------------------
##### ERROR A USER ERROR has occurred (version 3.4-0-g7e26428): 
##### ERROR
##### ERROR This means that one or more arguments or inputs in your command are incorrect.
##### ERROR The error message below tells you what is the problem.
##### ERROR
##### ERROR If the problem is an invalid argument, please check the online documentation guide
##### ERROR (or rerun your command with --help) to view allowable command-line arguments for this tool.
##### ERROR
##### ERROR Visit our website and forum for extensive documentation and answers to 
##### ERROR commonly asked questions http://www.broadinstitute.org/gatk
##### ERROR
##### ERROR Please do NOT post this error to the GATK forum unless you have really tried to fix it yourself.
##### ERROR
##### ERROR MESSAGE: Argument with name 'known-sites' isn't defined.
##### ERROR ------------------------------------------------------------------------------------------
Picked up _JAVA_OPTIONS: -Xmx2g
##### ERROR ------------------------------------------------------------------------------------------
##### ERROR A USER ERROR has occurred (version 3.4-0-g7e26428): 
##### ERROR
##### ERROR This means that one or more arguments or inputs in your command are incorrect.
##### ERROR The error message below tells you what is the problem.
##### ERROR
##### ERROR If the problem is an invalid argument, please check the online documentation guide
##### ERROR (or rerun your command with --help) to view allowable command-line arguments for this tool.
##### ERROR
##### ERROR Visit our website and forum for extensive documentation and answers to 
##### ERROR commonly asked questions http://www.broadinstitute.org/gatk
##### ERROR
##### ERROR Please do NOT post this error to the GATK forum unless you have really tried to fix it yourself.
##### ERROR
##### ERROR MESSAGE: Argument with name 'known-sites' isn't defined.
##### ERROR ------------------------------------------------------------------------------------------
Picked up _JAVA_OPTIONS: -Xmx2g
##### ERROR ------------------------------------------------------------------------------------------
##### ERROR A USER ERROR has occurred (version 3.4-0-g7e26428): 
##### ERROR
##### ERROR This means that one or more arguments or inputs in your command are incorrect.
##### ERROR The error message below tells you what is the problem.
##### ERROR
##### ERROR If the problem is an invalid argument, please check the online documentation guide
##### ERROR (or rerun your command with --help) to view allowable command-line arguments for this tool.
##### ERROR
##### ERROR Visit our website and forum for extensive documentation and answers to 
##### ERROR commonly asked questions http://www.broadinstitute.org/gatk
##### ERROR
##### ERROR Please do NOT post this error to the GATK forum unless you have really tried to fix it yourself.
##### ERROR
##### ERROR MESSAGE: Argument with name 'known-sites' isn't defined.
##### ERROR ------------------------------------------------------------------------------------------
Picked up _JAVA_OPTIONS: -Xmx2g
##### ERROR ------------------------------------------------------------------------------------------
##### ERROR A USER ERROR has occurred (version 3.4-0-g7e26428): 
##### ERROR
##### ERROR This means that one or more arguments or inputs in your command are incorrect.
##### ERROR The error message below tells you what is the problem.
##### ERROR
##### ERROR If the problem is an invalid argument, please check the online documentation guide
##### ERROR (or rerun your command with --help) to view allowable command-line arguments for this tool.
##### ERROR
##### ERROR Visit our website and forum for extensive documentation and answers to 
##### ERROR commonly asked questions http://www.broadinstitute.org/gatk
##### ERROR
##### ERROR Please do NOT post this error to the GATK forum unless you have really tried to fix it yourself.
##### ERROR
##### ERROR MESSAGE: Argument with name 'known-sites' isn't defined.
##### ERROR ------------------------------------------------------------------------------------------
Picked up _JAVA_OPTIONS: -Xmx2g
##### ERROR ------------------------------------------------------------------------------------------
##### ERROR A USER ERROR has occurred (version 3.4-0-g7e26428): 
##### ERROR
##### ERROR This means that one or more arguments or inputs in your command are incorrect.
##### ERROR The error message below tells you what is the problem.
##### ERROR
##### ERROR If the problem is an invalid argument, please check the online documentation guide
##### ERROR (or rerun your command with --help) to view allowable command-line arguments for this tool.
##### ERROR
##### ERROR Visit our website and forum for extensive documentation and answers to 
##### ERROR commonly asked questions http://www.broadinstitute.org/gatk
##### ERROR
##### ERROR Please do NOT post this error to the GATK forum unless you have really tried to fix it yourself.
##### ERROR
##### ERROR MESSAGE: Argument with name 'known-sites' isn't defined.
##### ERROR ------------------------------------------------------------------------------------------
Picked up _JAVA_OPTIONS: -Xmx2g
##### ERROR ------------------------------------------------------------------------------------------
##### ERROR A USER ERROR has occurred (version 3.4-0-g7e26428): 
##### ERROR
##### ERROR This means that one or more arguments or inputs in your command are incorrect.
##### ERROR The error message below tells you what is the problem.
##### ERROR
##### ERROR If the problem is an invalid argument, please check the online documentation guide
##### ERROR (or rerun your command with --help) to view allowable command-line arguments for this tool.
##### ERROR
##### ERROR Visit our website and forum for extensive documentation and answers to 
##### ERROR commonly asked questions http://www.broadinstitute.org/gatk
##### ERROR
##### ERROR Please do NOT post this error to the GATK forum unless you have really tried to fix it yourself.
##### ERROR
##### ERROR MESSAGE: Argument with name 'known-sites' isn't defined.
##### ERROR ------------------------------------------------------------------------------------------
Picked up _JAVA_OPTIONS: -Xmx2g
##### ERROR ------------------------------------------------------------------------------------------
##### ERROR A USER ERROR has occurred (version 3.4-0-g7e26428): 
##### ERROR
##### ERROR This means that one or more arguments or inputs in your command are incorrect.
##### ERROR The error message below tells you what is the problem.
##### ERROR
##### ERROR If the problem is an invalid argument, please check the online documentation guide
##### ERROR (or rerun your command with --help) to view allowable command-line arguments for this tool.
##### ERROR
##### ERROR Visit our website and forum for extensive documentation and answers to 
##### ERROR commonly asked questions http://www.broadinstitute.org/gatk
##### ERROR
##### ERROR Please do NOT post this error to the GATK forum unless you have really tried to fix it yourself.
##### ERROR
##### ERROR MESSAGE: Argument with name 'known-sites' isn't defined.
##### ERROR ------------------------------------------------------------------------------------------
Picked up _JAVA_OPTIONS: -Xmx2g
##### ERROR ------------------------------------------------------------------------------------------
##### ERROR A USER ERROR has occurred (version 3.4-0-g7e26428): 
##### ERROR
##### ERROR This means that one or more arguments or inputs in your command are incorrect.
##### ERROR The error message below tells you what is the problem.
##### ERROR
##### ERROR If the problem is an invalid argument, please check the online documentation guide
##### ERROR (or rerun your command with --help) to view allowable command-line arguments for this tool.
##### ERROR
##### ERROR Visit our website and forum for extensive documentation and answers to 
##### ERROR commonly asked questions http://www.broadinstitute.org/gatk
##### ERROR
##### ERROR Please do NOT post this error to the GATK forum unless you have really tried to fix it yourself.
##### ERROR
##### ERROR MESSAGE: Argument with name 'known-sites' isn't defined.
##### ERROR ------------------------------------------------------------------------------------------
Picked up _JAVA_OPTIONS: -Xmx2g
##### ERROR ------------------------------------------------------------------------------------------
##### ERROR A USER ERROR has occurred (version 3.4-0-g7e26428): 
##### ERROR
##### ERROR This means that one or more arguments or inputs in your command are incorrect.
##### ERROR The error message below tells you what is the problem.
##### ERROR
##### ERROR If the problem is an invalid argument, please check the online documentation guide
##### ERROR (or rerun your command with --help) to view allowable command-line arguments for this tool.
##### ERROR
##### ERROR Visit our website and forum for extensive documentation and answers to 
##### ERROR commonly asked questions http://www.broadinstitute.org/gatk
##### ERROR
##### ERROR Please do NOT post this error to the GATK forum unless you have really tried to fix it yourself.
##### ERROR
##### ERROR MESSAGE: Argument with name 'known-sites' isn't defined.
##### ERROR ------------------------------------------------------------------------------------------
Picked up _JAVA_OPTIONS: -Xmx2g
##### ERROR ------------------------------------------------------------------------------------------
##### ERROR A USER ERROR has occurred (version 3.4-0-g7e26428): 
##### ERROR
##### ERROR This means that one or more arguments or inputs in your command are incorrect.
##### ERROR The error message below tells you what is the problem.
##### ERROR
##### ERROR If the problem is an invalid argument, please check the online documentation guide
##### ERROR (or rerun your command with --help) to view allowable command-line arguments for this tool.
##### ERROR
##### ERROR Visit our website and forum for extensive documentation and answers to 
##### ERROR commonly asked questions http://www.broadinstitute.org/gatk
##### ERROR
##### ERROR Please do NOT post this error to the GATK forum unless you have really tried to fix it yourself.
##### ERROR
##### ERROR MESSAGE: Argument with name 'known-sites' isn't defined.
##### ERROR ------------------------------------------------------------------------------------------
Picked up _JAVA_OPTIONS: -Xmx2g
##### ERROR ------------------------------------------------------------------------------------------
##### ERROR A USER ERROR has occurred (version 3.4-0-g7e26428): 
##### ERROR
##### ERROR This means that one or more arguments or inputs in your command are incorrect.
##### ERROR The error message below tells you what is the problem.
##### ERROR
##### ERROR If the problem is an invalid argument, please check the online documentation guide
##### ERROR (or rerun your command with --help) to view allowable command-line arguments for this tool.
##### ERROR
##### ERROR Visit our website and forum for extensive documentation and answers to 
##### ERROR commonly asked questions http://www.broadinstitute.org/gatk
##### ERROR
##### ERROR Please do NOT post this error to the GATK forum unless you have really tried to fix it yourself.
##### ERROR
##### ERROR MESSAGE: Argument with name 'known-sites' isn't defined.
##### ERROR ------------------------------------------------------------------------------------------
Picked up _JAVA_OPTIONS: -Xmx2g
##### ERROR ------------------------------------------------------------------------------------------
##### ERROR A USER ERROR has occurred (version 3.4-0-g7e26428): 
##### ERROR
##### ERROR This means that one or more arguments or inputs in your command are incorrect.
##### ERROR The error message below tells you what is the problem.
##### ERROR
##### ERROR If the problem is an invalid argument, please check the online documentation guide
##### ERROR (or rerun your command with --help) to view allowable command-line arguments for this tool.
##### ERROR
##### ERROR Visit our website and forum for extensive documentation and answers to 
##### ERROR commonly asked questions http://www.broadinstitute.org/gatk
##### ERROR
##### ERROR Please do NOT post this error to the GATK forum unless you have really tried to fix it yourself.
##### ERROR
##### ERROR MESSAGE: Argument with name 'known-sites' isn't defined.
##### ERROR ------------------------------------------------------------------------------------------
Picked up _JAVA_OPTIONS: -Xmx2g
##### ERROR ------------------------------------------------------------------------------------------
##### ERROR A USER ERROR has occurred (version 3.4-0-g7e26428): 
##### ERROR
##### ERROR This means that one or more arguments or inputs in your command are incorrect.
##### ERROR The error message below tells you what is the problem.
##### ERROR
##### ERROR If the problem is an invalid argument, please check the online documentation guide
##### ERROR (or rerun your command with --help) to view allowable command-line arguments for this tool.
##### ERROR
##### ERROR Visit our website and forum for extensive documentation and answers to 
##### ERROR commonly asked questions http://www.broadinstitute.org/gatk
##### ERROR
##### ERROR Please do NOT post this error to the GATK forum unless you have really tried to fix it yourself.
##### ERROR
##### ERROR MESSAGE: Invalid command line: Malformed walker argument: Could not find walker with name: ApplyBQSR
##### ERROR ------------------------------------------------------------------------------------------
Picked up _JAVA_OPTIONS: -Xmx2g
##### ERROR ------------------------------------------------------------------------------------------
##### ERROR A USER ERROR has occurred (version 3.4-0-g7e26428): 
##### ERROR
##### ERROR This means that one or more arguments or inputs in your command are incorrect.
##### ERROR The error message below tells you what is the problem.
##### ERROR
##### ERROR If the problem is an invalid argument, please check the online documentation guide
##### ERROR (or rerun your command with --help) to view allowable command-line arguments for this tool.
##### ERROR
##### ERROR Visit our website and forum for extensive documentation and answers to 
##### ERROR commonly asked questions http://www.broadinstitute.org/gatk
##### ERROR
##### ERROR Please do NOT post this error to the GATK forum unless you have really tried to fix it yourself.
##### ERROR
##### ERROR MESSAGE: Invalid command line: Malformed walker argument: Could not find walker with name: ApplyBQSR
##### ERROR ------------------------------------------------------------------------------------------
Picked up _JAVA_OPTIONS: -Xmx2g
##### ERROR ------------------------------------------------------------------------------------------
##### ERROR A USER ERROR has occurred (version 3.4-0-g7e26428): 
##### ERROR
##### ERROR This means that one or more arguments or inputs in your command are incorrect.
##### ERROR The error message below tells you what is the problem.
##### ERROR
##### ERROR If the problem is an invalid argument, please check the online documentation guide
##### ERROR (or rerun your command with --help) to view allowable command-line arguments for this tool.
##### ERROR
##### ERROR Visit our website and forum for extensive documentation and answers to 
##### ERROR commonly asked questions http://www.broadinstitute.org/gatk
##### ERROR
##### ERROR Please do NOT post this error to the GATK forum unless you have really tried to fix it yourself.
##### ERROR
##### ERROR MESSAGE: Invalid command line: Malformed walker argument: Could not find walker with name: ApplyBQSR
##### ERROR ------------------------------------------------------------------------------------------
Picked up _JAVA_OPTIONS: -Xmx2g
##### ERROR ------------------------------------------------------------------------------------------
##### ERROR A USER ERROR has occurred (version 3.4-0-g7e26428): 
##### ERROR
##### ERROR This means that one or more arguments or inputs in your command are incorrect.
##### ERROR The error message below tells you what is the problem.
##### ERROR
##### ERROR If the problem is an invalid argument, please check the online documentation guide
##### ERROR (or rerun your command with --help) to view allowable command-line arguments for this tool.
##### ERROR
##### ERROR Visit our website and forum for extensive documentation and answers to 
##### ERROR commonly asked questions http://www.broadinstitute.org/gatk
##### ERROR
##### ERROR Please do NOT post this error to the GATK forum unless you have really tried to fix it yourself.
##### ERROR
##### ERROR MESSAGE: Invalid command line: Malformed walker argument: Could not find walker with name: ApplyBQSR
##### ERROR ------------------------------------------------------------------------------------------
Picked up _JAVA_OPTIONS: -Xmx2g
##### ERROR ------------------------------------------------------------------------------------------
##### ERROR A USER ERROR has occurred (version 3.4-0-g7e26428): 
##### ERROR
##### ERROR This means that one or more arguments or inputs in your command are incorrect.
##### ERROR The error message below tells you what is the problem.
##### ERROR
##### ERROR If the problem is an invalid argument, please check the online documentation guide
##### ERROR (or rerun your command with --help) to view allowable command-line arguments for this tool.
##### ERROR
##### ERROR Visit our website and forum for extensive documentation and answers to 
##### ERROR commonly asked questions http://www.broadinstitute.org/gatk
##### ERROR
##### ERROR Please do NOT post this error to the GATK forum unless you have really tried to fix it yourself.
##### ERROR
##### ERROR MESSAGE: Invalid command line: Malformed walker argument: Could not find walker with name: ApplyBQSR
##### ERROR ------------------------------------------------------------------------------------------
Picked up _JAVA_OPTIONS: -Xmx2g
##### ERROR ------------------------------------------------------------------------------------------
##### ERROR A USER ERROR has occurred (version 3.4-0-g7e26428): 
##### ERROR
##### ERROR This means that one or more arguments or inputs in your command are incorrect.
##### ERROR The error message below tells you what is the problem.
##### ERROR
##### ERROR If the problem is an invalid argument, please check the online documentation guide
##### ERROR (or rerun your command with --help) to view allowable command-line arguments for this tool.
##### ERROR
##### ERROR Visit our website and forum for extensive documentation and answers to 
##### ERROR commonly asked questions http://www.broadinstitute.org/gatk
##### ERROR
##### ERROR Please do NOT post this error to the GATK forum unless you have really tried to fix it yourself.
##### ERROR
##### ERROR MESSAGE: Invalid command line: Malformed walker argument: Could not find walker with name: ApplyBQSR
##### ERROR ------------------------------------------------------------------------------------------
Picked up _JAVA_OPTIONS: -Xmx2g
##### ERROR ------------------------------------------------------------------------------------------
##### ERROR A USER ERROR has occurred (version 3.4-0-g7e26428): 
##### ERROR
##### ERROR This means that one or more arguments or inputs in your command are incorrect.
##### ERROR The error message below tells you what is the problem.
##### ERROR
##### ERROR If the problem is an invalid argument, please check the online documentation guide
##### ERROR (or rerun your command with --help) to view allowable command-line arguments for this tool.
##### ERROR
##### ERROR Visit our website and forum for extensive documentation and answers to 
##### ERROR commonly asked questions http://www.broadinstitute.org/gatk
##### ERROR
##### ERROR Please do NOT post this error to the GATK forum unless you have really tried to fix it yourself.
##### ERROR
##### ERROR MESSAGE: Invalid command line: Malformed walker argument: Could not find walker with name: ApplyBQSR
##### ERROR ------------------------------------------------------------------------------------------
Picked up _JAVA_OPTIONS: -Xmx2g
##### ERROR ------------------------------------------------------------------------------------------
##### ERROR A USER ERROR has occurred (version 3.4-0-g7e26428): 
##### ERROR
##### ERROR This means that one or more arguments or inputs in your command are incorrect.
##### ERROR The error message below tells you what is the problem.
##### ERROR
##### ERROR If the problem is an invalid argument, please check the online documentation guide
##### ERROR (or rerun your command with --help) to view allowable command-line arguments for this tool.
##### ERROR
##### ERROR Visit our website and forum for extensive documentation and answers to 
##### ERROR commonly asked questions http://www.broadinstitute.org/gatk
##### ERROR
##### ERROR Please do NOT post this error to the GATK forum unless you have really tried to fix it yourself.
##### ERROR
##### ERROR MESSAGE: Invalid command line: Malformed walker argument: Could not find walker with name: ApplyBQSR
##### ERROR ------------------------------------------------------------------------------------------
Picked up _JAVA_OPTIONS: -Xmx2g
##### ERROR ------------------------------------------------------------------------------------------
##### ERROR A USER ERROR has occurred (version 3.4-0-g7e26428): 
##### ERROR
##### ERROR This means that one or more arguments or inputs in your command are incorrect.
##### ERROR The error message below tells you what is the problem.
##### ERROR
##### ERROR If the problem is an invalid argument, please check the online documentation guide
##### ERROR (or rerun your command with --help) to view allowable command-line arguments for this tool.
##### ERROR
##### ERROR Visit our website and forum for extensive documentation and answers to 
##### ERROR commonly asked questions http://www.broadinstitute.org/gatk
##### ERROR
##### ERROR Please do NOT post this error to the GATK forum unless you have really tried to fix it yourself.
##### ERROR
##### ERROR MESSAGE: Invalid command line: Malformed walker argument: Could not find walker with name: ApplyBQSR
##### ERROR ------------------------------------------------------------------------------------------
Picked up _JAVA_OPTIONS: -Xmx2g
##### ERROR ------------------------------------------------------------------------------------------
##### ERROR A USER ERROR has occurred (version 3.4-0-g7e26428): 
##### ERROR
##### ERROR This means that one or more arguments or inputs in your command are incorrect.
##### ERROR The error message below tells you what is the problem.
##### ERROR
##### ERROR If the problem is an invalid argument, please check the online documentation guide
##### ERROR (or rerun your command with --help) to view allowable command-line arguments for this tool.
##### ERROR
##### ERROR Visit our website and forum for extensive documentation and answers to 
##### ERROR commonly asked questions http://www.broadinstitute.org/gatk
##### ERROR
##### ERROR Please do NOT post this error to the GATK forum unless you have really tried to fix it yourself.
##### ERROR
##### ERROR MESSAGE: Invalid command line: Malformed walker argument: Could not find walker with name: ApplyBQSR
##### ERROR ------------------------------------------------------------------------------------------
Picked up _JAVA_OPTIONS: -Xmx2g
##### ERROR ------------------------------------------------------------------------------------------
##### ERROR A USER ERROR has occurred (version 3.4-0-g7e26428): 
##### ERROR
##### ERROR This means that one or more arguments or inputs in your command are incorrect.
##### ERROR The error message below tells you what is the problem.
##### ERROR
##### ERROR If the problem is an invalid argument, please check the online documentation guide
##### ERROR (or rerun your command with --help) to view allowable command-line arguments for this tool.
##### ERROR
##### ERROR Visit our website and forum for extensive documentation and answers to 
##### ERROR commonly asked questions http://www.broadinstitute.org/gatk
##### ERROR
##### ERROR Please do NOT post this error to the GATK forum unless you have really tried to fix it yourself.
##### ERROR
##### ERROR MESSAGE: Invalid command line: Malformed walker argument: Could not find walker with name: ApplyBQSR
##### ERROR ------------------------------------------------------------------------------------------
Picked up _JAVA_OPTIONS: -Xmx2g
##### ERROR ------------------------------------------------------------------------------------------
##### ERROR A USER ERROR has occurred (version 3.4-0-g7e26428): 
##### ERROR
##### ERROR This means that one or more arguments or inputs in your command are incorrect.
##### ERROR The error message below tells you what is the problem.
##### ERROR
##### ERROR If the problem is an invalid argument, please check the online documentation guide
##### ERROR (or rerun your command with --help) to view allowable command-line arguments for this tool.
##### ERROR
##### ERROR Visit our website and forum for extensive documentation and answers to 
##### ERROR commonly asked questions http://www.broadinstitute.org/gatk
##### ERROR
##### ERROR Please do NOT post this error to the GATK forum unless you have really tried to fix it yourself.
##### ERROR
##### ERROR MESSAGE: Invalid command line: Malformed walker argument: Could not find walker with name: ApplyBQSR
##### ERROR ------------------------------------------------------------------------------------------
Picked up _JAVA_OPTIONS: -Xmx2g
##### ERROR ------------------------------------------------------------------------------------------
##### ERROR A USER ERROR has occurred (version 3.4-0-g7e26428): 
##### ERROR
##### ERROR This means that one or more arguments or inputs in your command are incorrect.
##### ERROR The error message below tells you what is the problem.
##### ERROR
##### ERROR If the problem is an invalid argument, please check the online documentation guide
##### ERROR (or rerun your command with --help) to view allowable command-line arguments for this tool.
##### ERROR
##### ERROR Visit our website and forum for extensive documentation and answers to 
##### ERROR commonly asked questions http://www.broadinstitute.org/gatk
##### ERROR
##### ERROR Please do NOT post this error to the GATK forum unless you have really tried to fix it yourself.
##### ERROR
##### ERROR MESSAGE: Invalid command line: Malformed walker argument: Could not find walker with name: ApplyBQSR
##### ERROR ------------------------------------------------------------------------------------------
Picked up _JAVA_OPTIONS: -Xmx2g
##### ERROR ------------------------------------------------------------------------------------------
##### ERROR A USER ERROR has occurred (version 3.4-0-g7e26428): 
##### ERROR
##### ERROR This means that one or more arguments or inputs in your command are incorrect.
##### ERROR The error message below tells you what is the problem.
##### ERROR
##### ERROR If the problem is an invalid argument, please check the online documentation guide
##### ERROR (or rerun your command with --help) to view allowable command-line arguments for this tool.
##### ERROR
##### ERROR Visit our website and forum for extensive documentation and answers to 
##### ERROR commonly asked questions http://www.broadinstitute.org/gatk
##### ERROR
##### ERROR Please do NOT post this error to the GATK forum unless you have really tried to fix it yourself.
##### ERROR
##### ERROR MESSAGE: Invalid command line: Malformed walker argument: Could not find walker with name: ApplyBQSR
##### ERROR ------------------------------------------------------------------------------------------
Picked up _JAVA_OPTIONS: -Xmx2g
##### ERROR ------------------------------------------------------------------------------------------
##### ERROR A USER ERROR has occurred (version 3.4-0-g7e26428): 
##### ERROR
##### ERROR This means that one or more arguments or inputs in your command are incorrect.
##### ERROR The error message below tells you what is the problem.
##### ERROR
##### ERROR If the problem is an invalid argument, please check the online documentation guide
##### ERROR (or rerun your command with --help) to view allowable command-line arguments for this tool.
##### ERROR
##### ERROR Visit our website and forum for extensive documentation and answers to 
##### ERROR commonly asked questions http://www.broadinstitute.org/gatk
##### ERROR
##### ERROR Please do NOT post this error to the GATK forum unless you have really tried to fix it yourself.
##### ERROR
##### ERROR MESSAGE: Invalid command line: Malformed walker argument: Could not find walker with name: ApplyBQSR
##### ERROR ------------------------------------------------------------------------------------------
Picked up _JAVA_OPTIONS: -Xmx2g
##### ERROR ------------------------------------------------------------------------------------------
##### ERROR A USER ERROR has occurred (version 3.4-0-g7e26428): 
##### ERROR
##### ERROR This means that one or more arguments or inputs in your command are incorrect.
##### ERROR The error message below tells you what is the problem.
##### ERROR
##### ERROR If the problem is an invalid argument, please check the online documentation guide
##### ERROR (or rerun your command with --help) to view allowable command-line arguments for this tool.
##### ERROR
##### ERROR Visit our website and forum for extensive documentation and answers to 
##### ERROR commonly asked questions http://www.broadinstitute.org/gatk
##### ERROR
##### ERROR Please do NOT post this error to the GATK forum unless you have really tried to fix it yourself.
##### ERROR
##### ERROR MESSAGE: Invalid command line: Malformed walker argument: Could not find walker with name: ApplyBQSR
##### ERROR ------------------------------------------------------------------------------------------
Picked up _JAVA_OPTIONS: -Xmx2g
##### ERROR ------------------------------------------------------------------------------------------
##### ERROR A USER ERROR has occurred (version 3.4-0-g7e26428): 
##### ERROR
##### ERROR This means that one or more arguments or inputs in your command are incorrect.
##### ERROR The error message below tells you what is the problem.
##### ERROR
##### ERROR If the problem is an invalid argument, please check the online documentation guide
##### ERROR (or rerun your command with --help) to view allowable command-line arguments for this tool.
##### ERROR
##### ERROR Visit our website and forum for extensive documentation and answers to 
##### ERROR commonly asked questions http://www.broadinstitute.org/gatk
##### ERROR
##### ERROR Please do NOT post this error to the GATK forum unless you have really tried to fix it yourself.
##### ERROR
##### ERROR MESSAGE: Invalid command line: Malformed walker argument: Could not find walker with name: ApplyBQSR
##### ERROR ------------------------------------------------------------------------------------------
Picked up _JAVA_OPTIONS: -Xmx2g
##### ERROR ------------------------------------------------------------------------------------------
##### ERROR A USER ERROR has occurred (version 3.4-0-g7e26428): 
##### ERROR
##### ERROR This means that one or more arguments or inputs in your command are incorrect.
##### ERROR The error message below tells you what is the problem.
##### ERROR
##### ERROR If the problem is an invalid argument, please check the online documentation guide
##### ERROR (or rerun your command with --help) to view allowable command-line arguments for this tool.
##### ERROR
##### ERROR Visit our website and forum for extensive documentation and answers to 
##### ERROR commonly asked questions http://www.broadinstitute.org/gatk
##### ERROR
##### ERROR Please do NOT post this error to the GATK forum unless you have really tried to fix it yourself.
##### ERROR
##### ERROR MESSAGE: Invalid command line: Malformed walker argument: Could not find walker with name: ApplyBQSR
##### ERROR ------------------------------------------------------------------------------------------
Picked up _JAVA_OPTIONS: -Xmx2g
##### ERROR ------------------------------------------------------------------------------------------
##### ERROR A USER ERROR has occurred (version 3.4-0-g7e26428): 
##### ERROR
##### ERROR This means that one or more arguments or inputs in your command are incorrect.
##### ERROR The error message below tells you what is the problem.
##### ERROR
##### ERROR If the problem is an invalid argument, please check the online documentation guide
##### ERROR (or rerun your command with --help) to view allowable command-line arguments for this tool.
##### ERROR
##### ERROR Visit our website and forum for extensive documentation and answers to 
##### ERROR commonly asked questions http://www.broadinstitute.org/gatk
##### ERROR
##### ERROR Please do NOT post this error to the GATK forum unless you have really tried to fix it yourself.
##### ERROR
##### ERROR MESSAGE: Invalid command line: Malformed walker argument: Could not find walker with name: ApplyBQSR
##### ERROR ------------------------------------------------------------------------------------------
Picked up _JAVA_OPTIONS: -Xmx2g
##### ERROR ------------------------------------------------------------------------------------------
##### ERROR A USER ERROR has occurred (version 3.4-0-g7e26428): 
##### ERROR
##### ERROR This means that one or more arguments or inputs in your command are incorrect.
##### ERROR The error message below tells you what is the problem.
##### ERROR
##### ERROR If the problem is an invalid argument, please check the online documentation guide
##### ERROR (or rerun your command with --help) to view allowable command-line arguments for this tool.
##### ERROR
##### ERROR Visit our website and forum for extensive documentation and answers to 
##### ERROR commonly asked questions http://www.broadinstitute.org/gatk
##### ERROR
##### ERROR Please do NOT post this error to the GATK forum unless you have really tried to fix it yourself.
##### ERROR
##### ERROR MESSAGE: Invalid command line: Malformed walker argument: Could not find walker with name: ApplyBQSR
##### ERROR ------------------------------------------------------------------------------------------
Picked up _JAVA_OPTIONS: -Xmx2g
INFO  03:39:14,394 HelpFormatter - -------------------------------------------------------------------------------- 
INFO  03:39:14,405 HelpFormatter - The Genome Analysis Toolkit (GATK) v3.4-0-g7e26428, Compiled 2015/05/15 03:25:41 
INFO  03:39:14,405 HelpFormatter - Copyright (c) 2010 The Broad Institute 
INFO  03:39:14,405 HelpFormatter - For support and documentation go to http://www.broadinstitute.org/gatk 
INFO  03:39:14,409 HelpFormatter - Program Args: -T PrintReads -R /scratch/projects/transcriptomics/mikeconnelly/sequences/genomes/coral/pocillopora/pdam_genome.fasta -I /scratch/projects/transcriptomics/mikeconnelly/projects/MetaPocillopora/outputs/phylotrans_Pdam/SRR3727281_PdamAligned.sorted.out.md.rg.splitN.bam -BQSR /scratch/projects/transcriptomics/mikeconnelly/projects/MetaPocillopora/outputs/phylotrans_Pdam/SRR3727281_Pdam_recal_data.table.grp -o /scratch/projects/transcriptomics/mikeconnelly/projects/MetaPocillopora/outputs/phylotrans_Pdam/SRR3727281_PdamAligned.sorted.out.md.rg.splitN.BSQR.bam 
INFO  03:39:14,419 HelpFormatter - Executing as m.connelly@n254 on Linux 2.6.32-431.el6.x86_64 amd64; Java HotSpot(TM) 64-Bit Server VM 1.8.0_60-b27. 
INFO  03:39:14,420 HelpFormatter - Date/Time: 2019/12/13 03:39:14 
INFO  03:39:14,420 HelpFormatter - -------------------------------------------------------------------------------- 
INFO  03:39:14,420 HelpFormatter - -------------------------------------------------------------------------------- 
INFO  03:39:14,990 GenomeAnalysisEngine - Strictness is SILENT 
INFO  03:39:15,835 GATKRunReport - Uploaded run statistics report to AWS S3 
##### ERROR ------------------------------------------------------------------------------------------
##### ERROR A USER ERROR has occurred (version 3.4-0-g7e26428): 
##### ERROR
##### ERROR This means that one or more arguments or inputs in your command are incorrect.
##### ERROR The error message below tells you what is the problem.
##### ERROR
##### ERROR If the problem is an invalid argument, please check the online documentation guide
##### ERROR (or rerun your command with --help) to view allowable command-line arguments for this tool.
##### ERROR
##### ERROR Visit our website and forum for extensive documentation and answers to 
##### ERROR commonly asked questions http://www.broadinstitute.org/gatk
##### ERROR
##### ERROR Please do NOT post this error to the GATK forum unless you have really tried to fix it yourself.
##### ERROR
##### ERROR MESSAGE: Couldn't read file /scratch/projects/transcriptomics/mikeconnelly/projects/MetaPocillopora/outputs/phylotrans_Pdam/SRR3727281_Pdam_recal_data.table.grp because it does not exist
##### ERROR ------------------------------------------------------------------------------------------
Picked up _JAVA_OPTIONS: -Xmx2g
INFO  03:39:17,535 HelpFormatter - -------------------------------------------------------------------------------- 
INFO  03:39:17,537 HelpFormatter - The Genome Analysis Toolkit (GATK) v3.4-0-g7e26428, Compiled 2015/05/15 03:25:41 
INFO  03:39:17,537 HelpFormatter - Copyright (c) 2010 The Broad Institute 
INFO  03:39:17,537 HelpFormatter - For support and documentation go to http://www.broadinstitute.org/gatk 
INFO  03:39:17,541 HelpFormatter - Program Args: -T PrintReads -R /scratch/projects/transcriptomics/mikeconnelly/sequences/genomes/coral/pocillopora/pdam_genome.fasta -I /scratch/projects/transcriptomics/mikeconnelly/projects/MetaPocillopora/outputs/phylotrans_Pdam/SRR3727374_PdamAligned.sorted.out.md.rg.splitN.bam -BQSR /scratch/projects/transcriptomics/mikeconnelly/projects/MetaPocillopora/outputs/phylotrans_Pdam/SRR3727374_Pdam_recal_data.table.grp -o /scratch/projects/transcriptomics/mikeconnelly/projects/MetaPocillopora/outputs/phylotrans_Pdam/SRR3727374_PdamAligned.sorted.out.md.rg.splitN.BSQR.bam 
INFO  03:39:17,546 HelpFormatter - Executing as m.connelly@n254 on Linux 2.6.32-431.el6.x86_64 amd64; Java HotSpot(TM) 64-Bit Server VM 1.8.0_60-b27. 
INFO  03:39:17,546 HelpFormatter - Date/Time: 2019/12/13 03:39:17 
INFO  03:39:17,546 HelpFormatter - -------------------------------------------------------------------------------- 
INFO  03:39:17,546 HelpFormatter - -------------------------------------------------------------------------------- 
INFO  03:39:18,037 GenomeAnalysisEngine - Strictness is SILENT 
INFO  03:39:18,777 GATKRunReport - Uploaded run statistics report to AWS S3 
##### ERROR ------------------------------------------------------------------------------------------
##### ERROR A USER ERROR has occurred (version 3.4-0-g7e26428): 
##### ERROR
##### ERROR This means that one or more arguments or inputs in your command are incorrect.
##### ERROR The error message below tells you what is the problem.
##### ERROR
##### ERROR If the problem is an invalid argument, please check the online documentation guide
##### ERROR (or rerun your command with --help) to view allowable command-line arguments for this tool.
##### ERROR
##### ERROR Visit our website and forum for extensive documentation and answers to 
##### ERROR commonly asked questions http://www.broadinstitute.org/gatk
##### ERROR
##### ERROR Please do NOT post this error to the GATK forum unless you have really tried to fix it yourself.
##### ERROR
##### ERROR MESSAGE: Couldn't read file /scratch/projects/transcriptomics/mikeconnelly/projects/MetaPocillopora/outputs/phylotrans_Pdam/SRR3727374_Pdam_recal_data.table.grp because it does not exist
##### ERROR ------------------------------------------------------------------------------------------
Picked up _JAVA_OPTIONS: -Xmx2g
INFO  03:39:20,438 HelpFormatter - -------------------------------------------------------------------------------- 
INFO  03:39:20,440 HelpFormatter - The Genome Analysis Toolkit (GATK) v3.4-0-g7e26428, Compiled 2015/05/15 03:25:41 
INFO  03:39:20,440 HelpFormatter - Copyright (c) 2010 The Broad Institute 
INFO  03:39:20,440 HelpFormatter - For support and documentation go to http://www.broadinstitute.org/gatk 
INFO  03:39:20,443 HelpFormatter - Program Args: -T PrintReads -R /scratch/projects/transcriptomics/mikeconnelly/sequences/genomes/coral/pocillopora/pdam_genome.fasta -I /scratch/projects/transcriptomics/mikeconnelly/projects/MetaPocillopora/outputs/phylotrans_Pdam/SRR3727379_PdamAligned.sorted.out.md.rg.splitN.bam -BQSR /scratch/projects/transcriptomics/mikeconnelly/projects/MetaPocillopora/outputs/phylotrans_Pdam/SRR3727379_Pdam_recal_data.table.grp -o /scratch/projects/transcriptomics/mikeconnelly/projects/MetaPocillopora/outputs/phylotrans_Pdam/SRR3727379_PdamAligned.sorted.out.md.rg.splitN.BSQR.bam 
INFO  03:39:20,447 HelpFormatter - Executing as m.connelly@n254 on Linux 2.6.32-431.el6.x86_64 amd64; Java HotSpot(TM) 64-Bit Server VM 1.8.0_60-b27. 
INFO  03:39:20,447 HelpFormatter - Date/Time: 2019/12/13 03:39:20 
INFO  03:39:20,448 HelpFormatter - -------------------------------------------------------------------------------- 
INFO  03:39:20,448 HelpFormatter - -------------------------------------------------------------------------------- 
INFO  03:39:20,938 GenomeAnalysisEngine - Strictness is SILENT 
INFO  03:39:21,604 GATKRunReport - Uploaded run statistics report to AWS S3 
##### ERROR ------------------------------------------------------------------------------------------
##### ERROR A USER ERROR has occurred (version 3.4-0-g7e26428): 
##### ERROR
##### ERROR This means that one or more arguments or inputs in your command are incorrect.
##### ERROR The error message below tells you what is the problem.
##### ERROR
##### ERROR If the problem is an invalid argument, please check the online documentation guide
##### ERROR (or rerun your command with --help) to view allowable command-line arguments for this tool.
##### ERROR
##### ERROR Visit our website and forum for extensive documentation and answers to 
##### ERROR commonly asked questions http://www.broadinstitute.org/gatk
##### ERROR
##### ERROR Please do NOT post this error to the GATK forum unless you have really tried to fix it yourself.
##### ERROR
##### ERROR MESSAGE: Couldn't read file /scratch/projects/transcriptomics/mikeconnelly/projects/MetaPocillopora/outputs/phylotrans_Pdam/SRR3727379_Pdam_recal_data.table.grp because it does not exist
##### ERROR ------------------------------------------------------------------------------------------
Picked up _JAVA_OPTIONS: -Xmx2g
INFO  03:39:23,291 HelpFormatter - -------------------------------------------------------------------------------- 
INFO  03:39:23,293 HelpFormatter - The Genome Analysis Toolkit (GATK) v3.4-0-g7e26428, Compiled 2015/05/15 03:25:41 
INFO  03:39:23,293 HelpFormatter - Copyright (c) 2010 The Broad Institute 
INFO  03:39:23,293 HelpFormatter - For support and documentation go to http://www.broadinstitute.org/gatk 
INFO  03:39:23,297 HelpFormatter - Program Args: -T PrintReads -R /scratch/projects/transcriptomics/mikeconnelly/sequences/genomes/coral/pocillopora/pdam_genome.fasta -I /scratch/projects/transcriptomics/mikeconnelly/projects/MetaPocillopora/outputs/phylotrans_Pdam/SRR3727380_PdamAligned.sorted.out.md.rg.splitN.bam -BQSR /scratch/projects/transcriptomics/mikeconnelly/projects/MetaPocillopora/outputs/phylotrans_Pdam/SRR3727380_Pdam_recal_data.table.grp -o /scratch/projects/transcriptomics/mikeconnelly/projects/MetaPocillopora/outputs/phylotrans_Pdam/SRR3727380_PdamAligned.sorted.out.md.rg.splitN.BSQR.bam 
INFO  03:39:23,301 HelpFormatter - Executing as m.connelly@n254 on Linux 2.6.32-431.el6.x86_64 amd64; Java HotSpot(TM) 64-Bit Server VM 1.8.0_60-b27. 
INFO  03:39:23,301 HelpFormatter - Date/Time: 2019/12/13 03:39:23 
INFO  03:39:23,302 HelpFormatter - -------------------------------------------------------------------------------- 
INFO  03:39:23,302 HelpFormatter - -------------------------------------------------------------------------------- 
INFO  03:39:23,809 GenomeAnalysisEngine - Strictness is SILENT 
INFO  03:39:24,474 GATKRunReport - Uploaded run statistics report to AWS S3 
##### ERROR ------------------------------------------------------------------------------------------
##### ERROR A USER ERROR has occurred (version 3.4-0-g7e26428): 
##### ERROR
##### ERROR This means that one or more arguments or inputs in your command are incorrect.
##### ERROR The error message below tells you what is the problem.
##### ERROR
##### ERROR If the problem is an invalid argument, please check the online documentation guide
##### ERROR (or rerun your command with --help) to view allowable command-line arguments for this tool.
##### ERROR
##### ERROR Visit our website and forum for extensive documentation and answers to 
##### ERROR commonly asked questions http://www.broadinstitute.org/gatk
##### ERROR
##### ERROR Please do NOT post this error to the GATK forum unless you have really tried to fix it yourself.
##### ERROR
##### ERROR MESSAGE: Couldn't read file /scratch/projects/transcriptomics/mikeconnelly/projects/MetaPocillopora/outputs/phylotrans_Pdam/SRR3727380_Pdam_recal_data.table.grp because it does not exist
##### ERROR ------------------------------------------------------------------------------------------
Picked up _JAVA_OPTIONS: -Xmx2g
INFO  03:39:26,179 HelpFormatter - -------------------------------------------------------------------------------- 
INFO  03:39:26,181 HelpFormatter - The Genome Analysis Toolkit (GATK) v3.4-0-g7e26428, Compiled 2015/05/15 03:25:41 
INFO  03:39:26,181 HelpFormatter - Copyright (c) 2010 The Broad Institute 
INFO  03:39:26,181 HelpFormatter - For support and documentation go to http://www.broadinstitute.org/gatk 
INFO  03:39:26,185 HelpFormatter - Program Args: -T PrintReads -R /scratch/projects/transcriptomics/mikeconnelly/sequences/genomes/coral/pocillopora/pdam_genome.fasta -I /scratch/projects/transcriptomics/mikeconnelly/projects/MetaPocillopora/outputs/phylotrans_Pdam/SRR3727383_PdamAligned.sorted.out.md.rg.splitN.bam -BQSR /scratch/projects/transcriptomics/mikeconnelly/projects/MetaPocillopora/outputs/phylotrans_Pdam/SRR3727383_Pdam_recal_data.table.grp -o /scratch/projects/transcriptomics/mikeconnelly/projects/MetaPocillopora/outputs/phylotrans_Pdam/SRR3727383_PdamAligned.sorted.out.md.rg.splitN.BSQR.bam 
INFO  03:39:26,189 HelpFormatter - Executing as m.connelly@n254 on Linux 2.6.32-431.el6.x86_64 amd64; Java HotSpot(TM) 64-Bit Server VM 1.8.0_60-b27. 
INFO  03:39:26,190 HelpFormatter - Date/Time: 2019/12/13 03:39:26 
INFO  03:39:26,190 HelpFormatter - -------------------------------------------------------------------------------- 
INFO  03:39:26,190 HelpFormatter - -------------------------------------------------------------------------------- 
INFO  03:39:26,701 GenomeAnalysisEngine - Strictness is SILENT 
INFO  03:39:27,463 GATKRunReport - Uploaded run statistics report to AWS S3 
##### ERROR ------------------------------------------------------------------------------------------
##### ERROR A USER ERROR has occurred (version 3.4-0-g7e26428): 
##### ERROR
##### ERROR This means that one or more arguments or inputs in your command are incorrect.
##### ERROR The error message below tells you what is the problem.
##### ERROR
##### ERROR If the problem is an invalid argument, please check the online documentation guide
##### ERROR (or rerun your command with --help) to view allowable command-line arguments for this tool.
##### ERROR
##### ERROR Visit our website and forum for extensive documentation and answers to 
##### ERROR commonly asked questions http://www.broadinstitute.org/gatk
##### ERROR
##### ERROR Please do NOT post this error to the GATK forum unless you have really tried to fix it yourself.
##### ERROR
##### ERROR MESSAGE: Couldn't read file /scratch/projects/transcriptomics/mikeconnelly/projects/MetaPocillopora/outputs/phylotrans_Pdam/SRR3727383_Pdam_recal_data.table.grp because it does not exist
##### ERROR ------------------------------------------------------------------------------------------
Picked up _JAVA_OPTIONS: -Xmx2g
INFO  03:39:29,161 HelpFormatter - -------------------------------------------------------------------------------- 
INFO  03:39:29,163 HelpFormatter - The Genome Analysis Toolkit (GATK) v3.4-0-g7e26428, Compiled 2015/05/15 03:25:41 
INFO  03:39:29,163 HelpFormatter - Copyright (c) 2010 The Broad Institute 
INFO  03:39:29,164 HelpFormatter - For support and documentation go to http://www.broadinstitute.org/gatk 
INFO  03:39:29,167 HelpFormatter - Program Args: -T PrintReads -R /scratch/projects/transcriptomics/mikeconnelly/sequences/genomes/coral/pocillopora/pdam_genome.fasta -I /scratch/projects/transcriptomics/mikeconnelly/projects/MetaPocillopora/outputs/phylotrans_Pdam/SRR3727387_PdamAligned.sorted.out.md.rg.splitN.bam -BQSR /scratch/projects/transcriptomics/mikeconnelly/projects/MetaPocillopora/outputs/phylotrans_Pdam/SRR3727387_Pdam_recal_data.table.grp -o /scratch/projects/transcriptomics/mikeconnelly/projects/MetaPocillopora/outputs/phylotrans_Pdam/SRR3727387_PdamAligned.sorted.out.md.rg.splitN.BSQR.bam 
INFO  03:39:29,172 HelpFormatter - Executing as m.connelly@n254 on Linux 2.6.32-431.el6.x86_64 amd64; Java HotSpot(TM) 64-Bit Server VM 1.8.0_60-b27. 
INFO  03:39:29,172 HelpFormatter - Date/Time: 2019/12/13 03:39:29 
INFO  03:39:29,173 HelpFormatter - -------------------------------------------------------------------------------- 
INFO  03:39:29,173 HelpFormatter - -------------------------------------------------------------------------------- 
INFO  03:39:29,685 GenomeAnalysisEngine - Strictness is SILENT 
INFO  03:39:30,353 GATKRunReport - Uploaded run statistics report to AWS S3 
##### ERROR ------------------------------------------------------------------------------------------
##### ERROR A USER ERROR has occurred (version 3.4-0-g7e26428): 
##### ERROR
##### ERROR This means that one or more arguments or inputs in your command are incorrect.
##### ERROR The error message below tells you what is the problem.
##### ERROR
##### ERROR If the problem is an invalid argument, please check the online documentation guide
##### ERROR (or rerun your command with --help) to view allowable command-line arguments for this tool.
##### ERROR
##### ERROR Visit our website and forum for extensive documentation and answers to 
##### ERROR commonly asked questions http://www.broadinstitute.org/gatk
##### ERROR
##### ERROR Please do NOT post this error to the GATK forum unless you have really tried to fix it yourself.
##### ERROR
##### ERROR MESSAGE: Couldn't read file /scratch/projects/transcriptomics/mikeconnelly/projects/MetaPocillopora/outputs/phylotrans_Pdam/SRR3727387_Pdam_recal_data.table.grp because it does not exist
##### ERROR ------------------------------------------------------------------------------------------
Picked up _JAVA_OPTIONS: -Xmx2g
INFO  03:39:32,046 HelpFormatter - -------------------------------------------------------------------------------- 
INFO  03:39:32,048 HelpFormatter - The Genome Analysis Toolkit (GATK) v3.4-0-g7e26428, Compiled 2015/05/15 03:25:41 
INFO  03:39:32,049 HelpFormatter - Copyright (c) 2010 The Broad Institute 
INFO  03:39:32,049 HelpFormatter - For support and documentation go to http://www.broadinstitute.org/gatk 
INFO  03:39:32,053 HelpFormatter - Program Args: -T PrintReads -R /scratch/projects/transcriptomics/mikeconnelly/sequences/genomes/coral/pocillopora/pdam_genome.fasta -I /scratch/projects/transcriptomics/mikeconnelly/projects/MetaPocillopora/outputs/phylotrans_Pdam/SRR3727388_PdamAligned.sorted.out.md.rg.splitN.bam -BQSR /scratch/projects/transcriptomics/mikeconnelly/projects/MetaPocillopora/outputs/phylotrans_Pdam/SRR3727388_Pdam_recal_data.table.grp -o /scratch/projects/transcriptomics/mikeconnelly/projects/MetaPocillopora/outputs/phylotrans_Pdam/SRR3727388_PdamAligned.sorted.out.md.rg.splitN.BSQR.bam 
INFO  03:39:32,057 HelpFormatter - Executing as m.connelly@n254 on Linux 2.6.32-431.el6.x86_64 amd64; Java HotSpot(TM) 64-Bit Server VM 1.8.0_60-b27. 
INFO  03:39:32,057 HelpFormatter - Date/Time: 2019/12/13 03:39:32 
INFO  03:39:32,057 HelpFormatter - -------------------------------------------------------------------------------- 
INFO  03:39:32,057 HelpFormatter - -------------------------------------------------------------------------------- 
INFO  03:39:32,541 GenomeAnalysisEngine - Strictness is SILENT 
INFO  03:39:33,215 GATKRunReport - Uploaded run statistics report to AWS S3 
##### ERROR ------------------------------------------------------------------------------------------
##### ERROR A USER ERROR has occurred (version 3.4-0-g7e26428): 
##### ERROR
##### ERROR This means that one or more arguments or inputs in your command are incorrect.
##### ERROR The error message below tells you what is the problem.
##### ERROR
##### ERROR If the problem is an invalid argument, please check the online documentation guide
##### ERROR (or rerun your command with --help) to view allowable command-line arguments for this tool.
##### ERROR
##### ERROR Visit our website and forum for extensive documentation and answers to 
##### ERROR commonly asked questions http://www.broadinstitute.org/gatk
##### ERROR
##### ERROR Please do NOT post this error to the GATK forum unless you have really tried to fix it yourself.
##### ERROR
##### ERROR MESSAGE: Couldn't read file /scratch/projects/transcriptomics/mikeconnelly/projects/MetaPocillopora/outputs/phylotrans_Pdam/SRR3727388_Pdam_recal_data.table.grp because it does not exist
##### ERROR ------------------------------------------------------------------------------------------
Picked up _JAVA_OPTIONS: -Xmx2g
INFO  03:39:34,890 HelpFormatter - -------------------------------------------------------------------------------- 
INFO  03:39:34,893 HelpFormatter - The Genome Analysis Toolkit (GATK) v3.4-0-g7e26428, Compiled 2015/05/15 03:25:41 
INFO  03:39:34,893 HelpFormatter - Copyright (c) 2010 The Broad Institute 
INFO  03:39:34,893 HelpFormatter - For support and documentation go to http://www.broadinstitute.org/gatk 
INFO  03:39:34,897 HelpFormatter - Program Args: -T PrintReads -R /scratch/projects/transcriptomics/mikeconnelly/sequences/genomes/coral/pocillopora/pdam_genome.fasta -I /scratch/projects/transcriptomics/mikeconnelly/projects/MetaPocillopora/outputs/phylotrans_Pdam/SRR3727390_PdamAligned.sorted.out.md.rg.splitN.bam -BQSR /scratch/projects/transcriptomics/mikeconnelly/projects/MetaPocillopora/outputs/phylotrans_Pdam/SRR3727390_Pdam_recal_data.table.grp -o /scratch/projects/transcriptomics/mikeconnelly/projects/MetaPocillopora/outputs/phylotrans_Pdam/SRR3727390_PdamAligned.sorted.out.md.rg.splitN.BSQR.bam 
INFO  03:39:34,901 HelpFormatter - Executing as m.connelly@n254 on Linux 2.6.32-431.el6.x86_64 amd64; Java HotSpot(TM) 64-Bit Server VM 1.8.0_60-b27. 
INFO  03:39:34,901 HelpFormatter - Date/Time: 2019/12/13 03:39:34 
INFO  03:39:34,901 HelpFormatter - -------------------------------------------------------------------------------- 
INFO  03:39:34,902 HelpFormatter - -------------------------------------------------------------------------------- 
INFO  03:39:35,401 GenomeAnalysisEngine - Strictness is SILENT 
INFO  03:39:36,082 GATKRunReport - Uploaded run statistics report to AWS S3 
##### ERROR ------------------------------------------------------------------------------------------
##### ERROR A USER ERROR has occurred (version 3.4-0-g7e26428): 
##### ERROR
##### ERROR This means that one or more arguments or inputs in your command are incorrect.
##### ERROR The error message below tells you what is the problem.
##### ERROR
##### ERROR If the problem is an invalid argument, please check the online documentation guide
##### ERROR (or rerun your command with --help) to view allowable command-line arguments for this tool.
##### ERROR
##### ERROR Visit our website and forum for extensive documentation and answers to 
##### ERROR commonly asked questions http://www.broadinstitute.org/gatk
##### ERROR
##### ERROR Please do NOT post this error to the GATK forum unless you have really tried to fix it yourself.
##### ERROR
##### ERROR MESSAGE: Couldn't read file /scratch/projects/transcriptomics/mikeconnelly/projects/MetaPocillopora/outputs/phylotrans_Pdam/SRR3727390_Pdam_recal_data.table.grp because it does not exist
##### ERROR ------------------------------------------------------------------------------------------
Picked up _JAVA_OPTIONS: -Xmx2g
INFO  03:39:37,754 HelpFormatter - -------------------------------------------------------------------------------- 
INFO  03:39:37,756 HelpFormatter - The Genome Analysis Toolkit (GATK) v3.4-0-g7e26428, Compiled 2015/05/15 03:25:41 
INFO  03:39:37,756 HelpFormatter - Copyright (c) 2010 The Broad Institute 
INFO  03:39:37,756 HelpFormatter - For support and documentation go to http://www.broadinstitute.org/gatk 
INFO  03:39:37,759 HelpFormatter - Program Args: -T PrintReads -R /scratch/projects/transcriptomics/mikeconnelly/sequences/genomes/coral/pocillopora/pdam_genome.fasta -I /scratch/projects/transcriptomics/mikeconnelly/projects/MetaPocillopora/outputs/phylotrans_Pdam/SRR3727400_PdamAligned.sorted.out.md.rg.splitN.bam -BQSR /scratch/projects/transcriptomics/mikeconnelly/projects/MetaPocillopora/outputs/phylotrans_Pdam/SRR3727400_Pdam_recal_data.table.grp -o /scratch/projects/transcriptomics/mikeconnelly/projects/MetaPocillopora/outputs/phylotrans_Pdam/SRR3727400_PdamAligned.sorted.out.md.rg.splitN.BSQR.bam 
INFO  03:39:37,763 HelpFormatter - Executing as m.connelly@n254 on Linux 2.6.32-431.el6.x86_64 amd64; Java HotSpot(TM) 64-Bit Server VM 1.8.0_60-b27. 
INFO  03:39:37,764 HelpFormatter - Date/Time: 2019/12/13 03:39:37 
INFO  03:39:37,764 HelpFormatter - -------------------------------------------------------------------------------- 
INFO  03:39:37,764 HelpFormatter - -------------------------------------------------------------------------------- 
INFO  03:39:38,257 GenomeAnalysisEngine - Strictness is SILENT 
INFO  03:39:38,948 GATKRunReport - Uploaded run statistics report to AWS S3 
##### ERROR ------------------------------------------------------------------------------------------
##### ERROR A USER ERROR has occurred (version 3.4-0-g7e26428): 
##### ERROR
##### ERROR This means that one or more arguments or inputs in your command are incorrect.
##### ERROR The error message below tells you what is the problem.
##### ERROR
##### ERROR If the problem is an invalid argument, please check the online documentation guide
##### ERROR (or rerun your command with --help) to view allowable command-line arguments for this tool.
##### ERROR
##### ERROR Visit our website and forum for extensive documentation and answers to 
##### ERROR commonly asked questions http://www.broadinstitute.org/gatk
##### ERROR
##### ERROR Please do NOT post this error to the GATK forum unless you have really tried to fix it yourself.
##### ERROR
##### ERROR MESSAGE: Couldn't read file /scratch/projects/transcriptomics/mikeconnelly/projects/MetaPocillopora/outputs/phylotrans_Pdam/SRR3727400_Pdam_recal_data.table.grp because it does not exist
##### ERROR ------------------------------------------------------------------------------------------
Picked up _JAVA_OPTIONS: -Xmx2g
INFO  03:39:40,621 HelpFormatter - -------------------------------------------------------------------------------- 
INFO  03:39:40,623 HelpFormatter - The Genome Analysis Toolkit (GATK) v3.4-0-g7e26428, Compiled 2015/05/15 03:25:41 
INFO  03:39:40,623 HelpFormatter - Copyright (c) 2010 The Broad Institute 
INFO  03:39:40,624 HelpFormatter - For support and documentation go to http://www.broadinstitute.org/gatk 
INFO  03:39:40,627 HelpFormatter - Program Args: -T PrintReads -R /scratch/projects/transcriptomics/mikeconnelly/sequences/genomes/coral/pocillopora/pdam_genome.fasta -I /scratch/projects/transcriptomics/mikeconnelly/projects/MetaPocillopora/outputs/phylotrans_Pdam/SRR3727418_PdamAligned.sorted.out.md.rg.splitN.bam -BQSR /scratch/projects/transcriptomics/mikeconnelly/projects/MetaPocillopora/outputs/phylotrans_Pdam/SRR3727418_Pdam_recal_data.table.grp -o /scratch/projects/transcriptomics/mikeconnelly/projects/MetaPocillopora/outputs/phylotrans_Pdam/SRR3727418_PdamAligned.sorted.out.md.rg.splitN.BSQR.bam 
INFO  03:39:40,631 HelpFormatter - Executing as m.connelly@n254 on Linux 2.6.32-431.el6.x86_64 amd64; Java HotSpot(TM) 64-Bit Server VM 1.8.0_60-b27. 
INFO  03:39:40,631 HelpFormatter - Date/Time: 2019/12/13 03:39:40 
INFO  03:39:40,631 HelpFormatter - -------------------------------------------------------------------------------- 
INFO  03:39:40,632 HelpFormatter - -------------------------------------------------------------------------------- 
INFO  03:39:41,124 GenomeAnalysisEngine - Strictness is SILENT 
INFO  03:39:41,801 GATKRunReport - Uploaded run statistics report to AWS S3 
##### ERROR ------------------------------------------------------------------------------------------
##### ERROR A USER ERROR has occurred (version 3.4-0-g7e26428): 
##### ERROR
##### ERROR This means that one or more arguments or inputs in your command are incorrect.
##### ERROR The error message below tells you what is the problem.
##### ERROR
##### ERROR If the problem is an invalid argument, please check the online documentation guide
##### ERROR (or rerun your command with --help) to view allowable command-line arguments for this tool.
##### ERROR
##### ERROR Visit our website and forum for extensive documentation and answers to 
##### ERROR commonly asked questions http://www.broadinstitute.org/gatk
##### ERROR
##### ERROR Please do NOT post this error to the GATK forum unless you have really tried to fix it yourself.
##### ERROR
##### ERROR MESSAGE: Couldn't read file /scratch/projects/transcriptomics/mikeconnelly/projects/MetaPocillopora/outputs/phylotrans_Pdam/SRR3727418_Pdam_recal_data.table.grp because it does not exist
##### ERROR ------------------------------------------------------------------------------------------
Picked up _JAVA_OPTIONS: -Xmx2g
INFO  03:39:43,458 HelpFormatter - -------------------------------------------------------------------------------- 
INFO  03:39:43,460 HelpFormatter - The Genome Analysis Toolkit (GATK) v3.4-0-g7e26428, Compiled 2015/05/15 03:25:41 
INFO  03:39:43,461 HelpFormatter - Copyright (c) 2010 The Broad Institute 
INFO  03:39:43,461 HelpFormatter - For support and documentation go to http://www.broadinstitute.org/gatk 
INFO  03:39:43,464 HelpFormatter - Program Args: -T PrintReads -R /scratch/projects/transcriptomics/mikeconnelly/sequences/genomes/coral/pocillopora/pdam_genome.fasta -I /scratch/projects/transcriptomics/mikeconnelly/projects/MetaPocillopora/outputs/phylotrans_Pdam/SRR3727424_PdamAligned.sorted.out.md.rg.splitN.bam -BQSR /scratch/projects/transcriptomics/mikeconnelly/projects/MetaPocillopora/outputs/phylotrans_Pdam/SRR3727424_Pdam_recal_data.table.grp -o /scratch/projects/transcriptomics/mikeconnelly/projects/MetaPocillopora/outputs/phylotrans_Pdam/SRR3727424_PdamAligned.sorted.out.md.rg.splitN.BSQR.bam 
INFO  03:39:43,469 HelpFormatter - Executing as m.connelly@n254 on Linux 2.6.32-431.el6.x86_64 amd64; Java HotSpot(TM) 64-Bit Server VM 1.8.0_60-b27. 
INFO  03:39:43,469 HelpFormatter - Date/Time: 2019/12/13 03:39:43 
INFO  03:39:43,469 HelpFormatter - -------------------------------------------------------------------------------- 
INFO  03:39:43,470 HelpFormatter - -------------------------------------------------------------------------------- 
INFO  03:39:43,987 GenomeAnalysisEngine - Strictness is SILENT 
INFO  03:39:44,713 GATKRunReport - Uploaded run statistics report to AWS S3 
##### ERROR ------------------------------------------------------------------------------------------
##### ERROR A USER ERROR has occurred (version 3.4-0-g7e26428): 
##### ERROR
##### ERROR This means that one or more arguments or inputs in your command are incorrect.
##### ERROR The error message below tells you what is the problem.
##### ERROR
##### ERROR If the problem is an invalid argument, please check the online documentation guide
##### ERROR (or rerun your command with --help) to view allowable command-line arguments for this tool.
##### ERROR
##### ERROR Visit our website and forum for extensive documentation and answers to 
##### ERROR commonly asked questions http://www.broadinstitute.org/gatk
##### ERROR
##### ERROR Please do NOT post this error to the GATK forum unless you have really tried to fix it yourself.
##### ERROR
##### ERROR MESSAGE: Couldn't read file /scratch/projects/transcriptomics/mikeconnelly/projects/MetaPocillopora/outputs/phylotrans_Pdam/SRR3727424_Pdam_recal_data.table.grp because it does not exist
##### ERROR ------------------------------------------------------------------------------------------
Picked up _JAVA_OPTIONS: -Xmx2g
INFO  03:39:46,406 HelpFormatter - -------------------------------------------------------------------------------- 
INFO  03:39:46,408 HelpFormatter - The Genome Analysis Toolkit (GATK) v3.4-0-g7e26428, Compiled 2015/05/15 03:25:41 
INFO  03:39:46,408 HelpFormatter - Copyright (c) 2010 The Broad Institute 
INFO  03:39:46,408 HelpFormatter - For support and documentation go to http://www.broadinstitute.org/gatk 
INFO  03:39:46,412 HelpFormatter - Program Args: -T PrintReads -R /scratch/projects/transcriptomics/mikeconnelly/sequences/genomes/coral/pocillopora/pdam_genome.fasta -I /scratch/projects/transcriptomics/mikeconnelly/projects/MetaPocillopora/outputs/phylotrans_Pdam/SRR3727425_PdamAligned.sorted.out.md.rg.splitN.bam -BQSR /scratch/projects/transcriptomics/mikeconnelly/projects/MetaPocillopora/outputs/phylotrans_Pdam/SRR3727425_Pdam_recal_data.table.grp -o /scratch/projects/transcriptomics/mikeconnelly/projects/MetaPocillopora/outputs/phylotrans_Pdam/SRR3727425_PdamAligned.sorted.out.md.rg.splitN.BSQR.bam 
INFO  03:39:46,416 HelpFormatter - Executing as m.connelly@n254 on Linux 2.6.32-431.el6.x86_64 amd64; Java HotSpot(TM) 64-Bit Server VM 1.8.0_60-b27. 
INFO  03:39:46,417 HelpFormatter - Date/Time: 2019/12/13 03:39:46 
INFO  03:39:46,417 HelpFormatter - -------------------------------------------------------------------------------- 
INFO  03:39:46,417 HelpFormatter - -------------------------------------------------------------------------------- 
INFO  03:39:46,924 GenomeAnalysisEngine - Strictness is SILENT 
INFO  03:39:47,584 GATKRunReport - Uploaded run statistics report to AWS S3 
##### ERROR ------------------------------------------------------------------------------------------
##### ERROR A USER ERROR has occurred (version 3.4-0-g7e26428): 
##### ERROR
##### ERROR This means that one or more arguments or inputs in your command are incorrect.
##### ERROR The error message below tells you what is the problem.
##### ERROR
##### ERROR If the problem is an invalid argument, please check the online documentation guide
##### ERROR (or rerun your command with --help) to view allowable command-line arguments for this tool.
##### ERROR
##### ERROR Visit our website and forum for extensive documentation and answers to 
##### ERROR commonly asked questions http://www.broadinstitute.org/gatk
##### ERROR
##### ERROR Please do NOT post this error to the GATK forum unless you have really tried to fix it yourself.
##### ERROR
##### ERROR MESSAGE: Couldn't read file /scratch/projects/transcriptomics/mikeconnelly/projects/MetaPocillopora/outputs/phylotrans_Pdam/SRR3727425_Pdam_recal_data.table.grp because it does not exist
##### ERROR ------------------------------------------------------------------------------------------
Picked up _JAVA_OPTIONS: -Xmx2g
INFO  03:39:49,294 HelpFormatter - -------------------------------------------------------------------------------- 
INFO  03:39:49,296 HelpFormatter - The Genome Analysis Toolkit (GATK) v3.4-0-g7e26428, Compiled 2015/05/15 03:25:41 
INFO  03:39:49,296 HelpFormatter - Copyright (c) 2010 The Broad Institute 
INFO  03:39:49,296 HelpFormatter - For support and documentation go to http://www.broadinstitute.org/gatk 
INFO  03:39:49,300 HelpFormatter - Program Args: -T PrintReads -R /scratch/projects/transcriptomics/mikeconnelly/sequences/genomes/coral/pocillopora/pdam_genome.fasta -I /scratch/projects/transcriptomics/mikeconnelly/projects/MetaPocillopora/outputs/phylotrans_Pdam/SRR8568563_PdamAligned.sorted.out.md.rg.splitN.bam -BQSR /scratch/projects/transcriptomics/mikeconnelly/projects/MetaPocillopora/outputs/phylotrans_Pdam/SRR8568563_Pdam_recal_data.table.grp -o /scratch/projects/transcriptomics/mikeconnelly/projects/MetaPocillopora/outputs/phylotrans_Pdam/SRR8568563_PdamAligned.sorted.out.md.rg.splitN.BSQR.bam 
INFO  03:39:49,304 HelpFormatter - Executing as m.connelly@n254 on Linux 2.6.32-431.el6.x86_64 amd64; Java HotSpot(TM) 64-Bit Server VM 1.8.0_60-b27. 
INFO  03:39:49,305 HelpFormatter - Date/Time: 2019/12/13 03:39:49 
INFO  03:39:49,305 HelpFormatter - -------------------------------------------------------------------------------- 
INFO  03:39:49,305 HelpFormatter - -------------------------------------------------------------------------------- 
INFO  03:39:49,800 GenomeAnalysisEngine - Strictness is SILENT 
INFO  03:39:50,474 GATKRunReport - Uploaded run statistics report to AWS S3 
##### ERROR ------------------------------------------------------------------------------------------
##### ERROR A USER ERROR has occurred (version 3.4-0-g7e26428): 
##### ERROR
##### ERROR This means that one or more arguments or inputs in your command are incorrect.
##### ERROR The error message below tells you what is the problem.
##### ERROR
##### ERROR If the problem is an invalid argument, please check the online documentation guide
##### ERROR (or rerun your command with --help) to view allowable command-line arguments for this tool.
##### ERROR
##### ERROR Visit our website and forum for extensive documentation and answers to 
##### ERROR commonly asked questions http://www.broadinstitute.org/gatk
##### ERROR
##### ERROR Please do NOT post this error to the GATK forum unless you have really tried to fix it yourself.
##### ERROR
##### ERROR MESSAGE: Couldn't read file /scratch/projects/transcriptomics/mikeconnelly/projects/MetaPocillopora/outputs/phylotrans_Pdam/SRR8568563_Pdam_recal_data.table.grp because it does not exist
##### ERROR ------------------------------------------------------------------------------------------
Picked up _JAVA_OPTIONS: -Xmx2g
INFO  03:39:52,183 HelpFormatter - -------------------------------------------------------------------------------- 
INFO  03:39:52,185 HelpFormatter - The Genome Analysis Toolkit (GATK) v3.4-0-g7e26428, Compiled 2015/05/15 03:25:41 
INFO  03:39:52,185 HelpFormatter - Copyright (c) 2010 The Broad Institute 
INFO  03:39:52,185 HelpFormatter - For support and documentation go to http://www.broadinstitute.org/gatk 
INFO  03:39:52,189 HelpFormatter - Program Args: -T PrintReads -R /scratch/projects/transcriptomics/mikeconnelly/sequences/genomes/coral/pocillopora/pdam_genome.fasta -I /scratch/projects/transcriptomics/mikeconnelly/projects/MetaPocillopora/outputs/phylotrans_Pdam/SRR8568564_PdamAligned.sorted.out.md.rg.splitN.bam -BQSR /scratch/projects/transcriptomics/mikeconnelly/projects/MetaPocillopora/outputs/phylotrans_Pdam/SRR8568564_Pdam_recal_data.table.grp -o /scratch/projects/transcriptomics/mikeconnelly/projects/MetaPocillopora/outputs/phylotrans_Pdam/SRR8568564_PdamAligned.sorted.out.md.rg.splitN.BSQR.bam 
INFO  03:39:52,193 HelpFormatter - Executing as m.connelly@n254 on Linux 2.6.32-431.el6.x86_64 amd64; Java HotSpot(TM) 64-Bit Server VM 1.8.0_60-b27. 
INFO  03:39:52,194 HelpFormatter - Date/Time: 2019/12/13 03:39:52 
INFO  03:39:52,194 HelpFormatter - -------------------------------------------------------------------------------- 
INFO  03:39:52,194 HelpFormatter - -------------------------------------------------------------------------------- 
INFO  03:39:52,691 GenomeAnalysisEngine - Strictness is SILENT 
INFO  03:39:53,450 GATKRunReport - Uploaded run statistics report to AWS S3 
##### ERROR ------------------------------------------------------------------------------------------
##### ERROR A USER ERROR has occurred (version 3.4-0-g7e26428): 
##### ERROR
##### ERROR This means that one or more arguments or inputs in your command are incorrect.
##### ERROR The error message below tells you what is the problem.
##### ERROR
##### ERROR If the problem is an invalid argument, please check the online documentation guide
##### ERROR (or rerun your command with --help) to view allowable command-line arguments for this tool.
##### ERROR
##### ERROR Visit our website and forum for extensive documentation and answers to 
##### ERROR commonly asked questions http://www.broadinstitute.org/gatk
##### ERROR
##### ERROR Please do NOT post this error to the GATK forum unless you have really tried to fix it yourself.
##### ERROR
##### ERROR MESSAGE: Couldn't read file /scratch/projects/transcriptomics/mikeconnelly/projects/MetaPocillopora/outputs/phylotrans_Pdam/SRR8568564_Pdam_recal_data.table.grp because it does not exist
##### ERROR ------------------------------------------------------------------------------------------
Picked up _JAVA_OPTIONS: -Xmx2g
INFO  03:39:55,170 HelpFormatter - -------------------------------------------------------------------------------- 
INFO  03:39:55,172 HelpFormatter - The Genome Analysis Toolkit (GATK) v3.4-0-g7e26428, Compiled 2015/05/15 03:25:41 
INFO  03:39:55,172 HelpFormatter - Copyright (c) 2010 The Broad Institute 
INFO  03:39:55,172 HelpFormatter - For support and documentation go to http://www.broadinstitute.org/gatk 
INFO  03:39:55,176 HelpFormatter - Program Args: -T PrintReads -R /scratch/projects/transcriptomics/mikeconnelly/sequences/genomes/coral/pocillopora/pdam_genome.fasta -I /scratch/projects/transcriptomics/mikeconnelly/projects/MetaPocillopora/outputs/phylotrans_Pdam/SRR8568567_PdamAligned.sorted.out.md.rg.splitN.bam -BQSR /scratch/projects/transcriptomics/mikeconnelly/projects/MetaPocillopora/outputs/phylotrans_Pdam/SRR8568567_Pdam_recal_data.table.grp -o /scratch/projects/transcriptomics/mikeconnelly/projects/MetaPocillopora/outputs/phylotrans_Pdam/SRR8568567_PdamAligned.sorted.out.md.rg.splitN.BSQR.bam 
INFO  03:39:55,180 HelpFormatter - Executing as m.connelly@n254 on Linux 2.6.32-431.el6.x86_64 amd64; Java HotSpot(TM) 64-Bit Server VM 1.8.0_60-b27. 
INFO  03:39:55,181 HelpFormatter - Date/Time: 2019/12/13 03:39:55 
INFO  03:39:55,181 HelpFormatter - -------------------------------------------------------------------------------- 
INFO  03:39:55,181 HelpFormatter - -------------------------------------------------------------------------------- 
INFO  03:39:55,688 GenomeAnalysisEngine - Strictness is SILENT 
INFO  03:39:56,318 GATKRunReport - Uploaded run statistics report to AWS S3 
##### ERROR ------------------------------------------------------------------------------------------
##### ERROR A USER ERROR has occurred (version 3.4-0-g7e26428): 
##### ERROR
##### ERROR This means that one or more arguments or inputs in your command are incorrect.
##### ERROR The error message below tells you what is the problem.
##### ERROR
##### ERROR If the problem is an invalid argument, please check the online documentation guide
##### ERROR (or rerun your command with --help) to view allowable command-line arguments for this tool.
##### ERROR
##### ERROR Visit our website and forum for extensive documentation and answers to 
##### ERROR commonly asked questions http://www.broadinstitute.org/gatk
##### ERROR
##### ERROR Please do NOT post this error to the GATK forum unless you have really tried to fix it yourself.
##### ERROR
##### ERROR MESSAGE: Couldn't read file /scratch/projects/transcriptomics/mikeconnelly/projects/MetaPocillopora/outputs/phylotrans_Pdam/SRR8568567_Pdam_recal_data.table.grp because it does not exist
##### ERROR ------------------------------------------------------------------------------------------
Picked up _JAVA_OPTIONS: -Xmx2g
INFO  03:39:58,024 HelpFormatter - -------------------------------------------------------------------------------- 
INFO  03:39:58,026 HelpFormatter - The Genome Analysis Toolkit (GATK) v3.4-0-g7e26428, Compiled 2015/05/15 03:25:41 
INFO  03:39:58,026 HelpFormatter - Copyright (c) 2010 The Broad Institute 
INFO  03:39:58,026 HelpFormatter - For support and documentation go to http://www.broadinstitute.org/gatk 
INFO  03:39:58,030 HelpFormatter - Program Args: -T PrintReads -R /scratch/projects/transcriptomics/mikeconnelly/sequences/genomes/coral/pocillopora/pdam_genome.fasta -I /scratch/projects/transcriptomics/mikeconnelly/projects/MetaPocillopora/outputs/phylotrans_Pdam/SRR8568568_PdamAligned.sorted.out.md.rg.splitN.bam -BQSR /scratch/projects/transcriptomics/mikeconnelly/projects/MetaPocillopora/outputs/phylotrans_Pdam/SRR8568568_Pdam_recal_data.table.grp -o /scratch/projects/transcriptomics/mikeconnelly/projects/MetaPocillopora/outputs/phylotrans_Pdam/SRR8568568_PdamAligned.sorted.out.md.rg.splitN.BSQR.bam 
INFO  03:39:58,034 HelpFormatter - Executing as m.connelly@n254 on Linux 2.6.32-431.el6.x86_64 amd64; Java HotSpot(TM) 64-Bit Server VM 1.8.0_60-b27. 
INFO  03:39:58,035 HelpFormatter - Date/Time: 2019/12/13 03:39:58 
INFO  03:39:58,035 HelpFormatter - -------------------------------------------------------------------------------- 
INFO  03:39:58,035 HelpFormatter - -------------------------------------------------------------------------------- 
INFO  03:39:58,542 GenomeAnalysisEngine - Strictness is SILENT 
INFO  03:39:59,272 GATKRunReport - Uploaded run statistics report to AWS S3 
##### ERROR ------------------------------------------------------------------------------------------
##### ERROR A USER ERROR has occurred (version 3.4-0-g7e26428): 
##### ERROR
##### ERROR This means that one or more arguments or inputs in your command are incorrect.
##### ERROR The error message below tells you what is the problem.
##### ERROR
##### ERROR If the problem is an invalid argument, please check the online documentation guide
##### ERROR (or rerun your command with --help) to view allowable command-line arguments for this tool.
##### ERROR
##### ERROR Visit our website and forum for extensive documentation and answers to 
##### ERROR commonly asked questions http://www.broadinstitute.org/gatk
##### ERROR
##### ERROR Please do NOT post this error to the GATK forum unless you have really tried to fix it yourself.
##### ERROR
##### ERROR MESSAGE: Couldn't read file /scratch/projects/transcriptomics/mikeconnelly/projects/MetaPocillopora/outputs/phylotrans_Pdam/SRR8568568_Pdam_recal_data.table.grp because it does not exist
##### ERROR ------------------------------------------------------------------------------------------
Picked up _JAVA_OPTIONS: -Xmx2g
INFO  03:40:00,969 HelpFormatter - -------------------------------------------------------------------------------- 
INFO  03:40:00,971 HelpFormatter - The Genome Analysis Toolkit (GATK) v3.4-0-g7e26428, Compiled 2015/05/15 03:25:41 
INFO  03:40:00,972 HelpFormatter - Copyright (c) 2010 The Broad Institute 
INFO  03:40:00,972 HelpFormatter - For support and documentation go to http://www.broadinstitute.org/gatk 
INFO  03:40:00,976 HelpFormatter - Program Args: -T PrintReads -R /scratch/projects/transcriptomics/mikeconnelly/sequences/genomes/coral/pocillopora/pdam_genome.fasta -I /scratch/projects/transcriptomics/mikeconnelly/projects/MetaPocillopora/outputs/phylotrans_Pdam/SRR8568569_PdamAligned.sorted.out.md.rg.splitN.bam -BQSR /scratch/projects/transcriptomics/mikeconnelly/projects/MetaPocillopora/outputs/phylotrans_Pdam/SRR8568569_Pdam_recal_data.table.grp -o /scratch/projects/transcriptomics/mikeconnelly/projects/MetaPocillopora/outputs/phylotrans_Pdam/SRR8568569_PdamAligned.sorted.out.md.rg.splitN.BSQR.bam 
INFO  03:40:00,980 HelpFormatter - Executing as m.connelly@n254 on Linux 2.6.32-431.el6.x86_64 amd64; Java HotSpot(TM) 64-Bit Server VM 1.8.0_60-b27. 
INFO  03:40:00,980 HelpFormatter - Date/Time: 2019/12/13 03:40:00 
INFO  03:40:00,980 HelpFormatter - -------------------------------------------------------------------------------- 
INFO  03:40:00,981 HelpFormatter - -------------------------------------------------------------------------------- 
INFO  03:40:01,480 GenomeAnalysisEngine - Strictness is SILENT 
INFO  03:40:02,126 GATKRunReport - Uploaded run statistics report to AWS S3 
##### ERROR ------------------------------------------------------------------------------------------
##### ERROR A USER ERROR has occurred (version 3.4-0-g7e26428): 
##### ERROR
##### ERROR This means that one or more arguments or inputs in your command are incorrect.
##### ERROR The error message below tells you what is the problem.
##### ERROR
##### ERROR If the problem is an invalid argument, please check the online documentation guide
##### ERROR (or rerun your command with --help) to view allowable command-line arguments for this tool.
##### ERROR
##### ERROR Visit our website and forum for extensive documentation and answers to 
##### ERROR commonly asked questions http://www.broadinstitute.org/gatk
##### ERROR
##### ERROR Please do NOT post this error to the GATK forum unless you have really tried to fix it yourself.
##### ERROR
##### ERROR MESSAGE: Couldn't read file /scratch/projects/transcriptomics/mikeconnelly/projects/MetaPocillopora/outputs/phylotrans_Pdam/SRR8568569_Pdam_recal_data.table.grp because it does not exist
##### ERROR ------------------------------------------------------------------------------------------
Picked up _JAVA_OPTIONS: -Xmx2g
INFO  03:40:03,816 HelpFormatter - -------------------------------------------------------------------------------- 
INFO  03:40:03,818 HelpFormatter - The Genome Analysis Toolkit (GATK) v3.4-0-g7e26428, Compiled 2015/05/15 03:25:41 
INFO  03:40:03,818 HelpFormatter - Copyright (c) 2010 The Broad Institute 
INFO  03:40:03,818 HelpFormatter - For support and documentation go to http://www.broadinstitute.org/gatk 
INFO  03:40:03,822 HelpFormatter - Program Args: -T PrintReads -R /scratch/projects/transcriptomics/mikeconnelly/sequences/genomes/coral/pocillopora/pdam_genome.fasta -I /scratch/projects/transcriptomics/mikeconnelly/projects/MetaPocillopora/outputs/phylotrans_Pdam/SRR8568565_PdamAligned.sorted.out.md.rg.splitN.bam -BQSR /scratch/projects/transcriptomics/mikeconnelly/projects/MetaPocillopora/outputs/phylotrans_Pdam/SRR8568565_Pdam_recal_data.table.grp -o /scratch/projects/transcriptomics/mikeconnelly/projects/MetaPocillopora/outputs/phylotrans_Pdam/SRR8568565_PdamAligned.sorted.out.md.rg.splitN.BSQR.bam 
INFO  03:40:03,827 HelpFormatter - Executing as m.connelly@n254 on Linux 2.6.32-431.el6.x86_64 amd64; Java HotSpot(TM) 64-Bit Server VM 1.8.0_60-b27. 
INFO  03:40:03,827 HelpFormatter - Date/Time: 2019/12/13 03:40:03 
INFO  03:40:03,827 HelpFormatter - -------------------------------------------------------------------------------- 
INFO  03:40:03,827 HelpFormatter - -------------------------------------------------------------------------------- 
INFO  03:40:04,327 GenomeAnalysisEngine - Strictness is SILENT 
INFO  03:40:04,991 GATKRunReport - Uploaded run statistics report to AWS S3 
##### ERROR ------------------------------------------------------------------------------------------
##### ERROR A USER ERROR has occurred (version 3.4-0-g7e26428): 
##### ERROR
##### ERROR This means that one or more arguments or inputs in your command are incorrect.
##### ERROR The error message below tells you what is the problem.
##### ERROR
##### ERROR If the problem is an invalid argument, please check the online documentation guide
##### ERROR (or rerun your command with --help) to view allowable command-line arguments for this tool.
##### ERROR
##### ERROR Visit our website and forum for extensive documentation and answers to 
##### ERROR commonly asked questions http://www.broadinstitute.org/gatk
##### ERROR
##### ERROR Please do NOT post this error to the GATK forum unless you have really tried to fix it yourself.
##### ERROR
##### ERROR MESSAGE: Couldn't read file /scratch/projects/transcriptomics/mikeconnelly/projects/MetaPocillopora/outputs/phylotrans_Pdam/SRR8568565_Pdam_recal_data.table.grp because it does not exist
##### ERROR ------------------------------------------------------------------------------------------
Picked up _JAVA_OPTIONS: -Xmx2g
INFO  03:40:06,708 HelpFormatter - -------------------------------------------------------------------------------- 
INFO  03:40:06,710 HelpFormatter - The Genome Analysis Toolkit (GATK) v3.4-0-g7e26428, Compiled 2015/05/15 03:25:41 
INFO  03:40:06,710 HelpFormatter - Copyright (c) 2010 The Broad Institute 
INFO  03:40:06,710 HelpFormatter - For support and documentation go to http://www.broadinstitute.org/gatk 
INFO  03:40:06,713 HelpFormatter - Program Args: -T PrintReads -R /scratch/projects/transcriptomics/mikeconnelly/sequences/genomes/coral/pocillopora/pdam_genome.fasta -I /scratch/projects/transcriptomics/mikeconnelly/projects/MetaPocillopora/outputs/phylotrans_Pdam/SRR8568566_PdamAligned.sorted.out.md.rg.splitN.bam -BQSR /scratch/projects/transcriptomics/mikeconnelly/projects/MetaPocillopora/outputs/phylotrans_Pdam/SRR8568566_Pdam_recal_data.table.grp -o /scratch/projects/transcriptomics/mikeconnelly/projects/MetaPocillopora/outputs/phylotrans_Pdam/SRR8568566_PdamAligned.sorted.out.md.rg.splitN.BSQR.bam 
INFO  03:40:06,718 HelpFormatter - Executing as m.connelly@n254 on Linux 2.6.32-431.el6.x86_64 amd64; Java HotSpot(TM) 64-Bit Server VM 1.8.0_60-b27. 
INFO  03:40:06,718 HelpFormatter - Date/Time: 2019/12/13 03:40:06 
INFO  03:40:06,718 HelpFormatter - -------------------------------------------------------------------------------- 
INFO  03:40:06,718 HelpFormatter - -------------------------------------------------------------------------------- 
INFO  03:40:07,230 GenomeAnalysisEngine - Strictness is SILENT 
INFO  03:40:07,883 GATKRunReport - Uploaded run statistics report to AWS S3 
##### ERROR ------------------------------------------------------------------------------------------
##### ERROR A USER ERROR has occurred (version 3.4-0-g7e26428): 
##### ERROR
##### ERROR This means that one or more arguments or inputs in your command are incorrect.
##### ERROR The error message below tells you what is the problem.
##### ERROR
##### ERROR If the problem is an invalid argument, please check the online documentation guide
##### ERROR (or rerun your command with --help) to view allowable command-line arguments for this tool.
##### ERROR
##### ERROR Visit our website and forum for extensive documentation and answers to 
##### ERROR commonly asked questions http://www.broadinstitute.org/gatk
##### ERROR
##### ERROR Please do NOT post this error to the GATK forum unless you have really tried to fix it yourself.
##### ERROR
##### ERROR MESSAGE: Couldn't read file /scratch/projects/transcriptomics/mikeconnelly/projects/MetaPocillopora/outputs/phylotrans_Pdam/SRR8568566_Pdam_recal_data.table.grp because it does not exist
##### ERROR ------------------------------------------------------------------------------------------
Picked up _JAVA_OPTIONS: -Xmx2g
INFO  03:40:09,569 HelpFormatter - -------------------------------------------------------------------------------- 
INFO  03:40:09,571 HelpFormatter - The Genome Analysis Toolkit (GATK) v3.4-0-g7e26428, Compiled 2015/05/15 03:25:41 
INFO  03:40:09,571 HelpFormatter - Copyright (c) 2010 The Broad Institute 
INFO  03:40:09,571 HelpFormatter - For support and documentation go to http://www.broadinstitute.org/gatk 
INFO  03:40:09,575 HelpFormatter - Program Args: -T PrintReads -R /scratch/projects/transcriptomics/mikeconnelly/sequences/genomes/coral/pocillopora/pdam_genome.fasta -I /scratch/projects/transcriptomics/mikeconnelly/projects/MetaPocillopora/outputs/phylotrans_Pdam/SRR8568570_PdamAligned.sorted.out.md.rg.splitN.bam -BQSR /scratch/projects/transcriptomics/mikeconnelly/projects/MetaPocillopora/outputs/phylotrans_Pdam/SRR8568570_Pdam_recal_data.table.grp -o /scratch/projects/transcriptomics/mikeconnelly/projects/MetaPocillopora/outputs/phylotrans_Pdam/SRR8568570_PdamAligned.sorted.out.md.rg.splitN.BSQR.bam 
INFO  03:40:09,579 HelpFormatter - Executing as m.connelly@n254 on Linux 2.6.32-431.el6.x86_64 amd64; Java HotSpot(TM) 64-Bit Server VM 1.8.0_60-b27. 
INFO  03:40:09,580 HelpFormatter - Date/Time: 2019/12/13 03:40:09 
INFO  03:40:09,580 HelpFormatter - -------------------------------------------------------------------------------- 
INFO  03:40:09,581 HelpFormatter - -------------------------------------------------------------------------------- 
INFO  03:40:10,100 GenomeAnalysisEngine - Strictness is SILENT 
INFO  03:40:10,821 GATKRunReport - Uploaded run statistics report to AWS S3 
##### ERROR ------------------------------------------------------------------------------------------
##### ERROR A USER ERROR has occurred (version 3.4-0-g7e26428): 
##### ERROR
##### ERROR This means that one or more arguments or inputs in your command are incorrect.
##### ERROR The error message below tells you what is the problem.
##### ERROR
##### ERROR If the problem is an invalid argument, please check the online documentation guide
##### ERROR (or rerun your command with --help) to view allowable command-line arguments for this tool.
##### ERROR
##### ERROR Visit our website and forum for extensive documentation and answers to 
##### ERROR commonly asked questions http://www.broadinstitute.org/gatk
##### ERROR
##### ERROR Please do NOT post this error to the GATK forum unless you have really tried to fix it yourself.
##### ERROR
##### ERROR MESSAGE: Couldn't read file /scratch/projects/transcriptomics/mikeconnelly/projects/MetaPocillopora/outputs/phylotrans_Pdam/SRR8568570_Pdam_recal_data.table.grp because it does not exist
##### ERROR ------------------------------------------------------------------------------------------
Job is submitted to <transcriptomics> project.
