mkdir: cannot create directory `/scratch/projects/transcriptomics/mikeconnelly/projects/MetaPocillopora/bash/jobs': File exists
mkdir: cannot create directory `/scratch/projects/transcriptomics/mikeconnelly/projects/MetaPocillopora/outputs/logfiles': File exists
mkdir: cannot create directory `/scratch/projects/transcriptomics/mikeconnelly/projects/MetaPocillopora/outputs/errorfiles': File exists
mkdir: cannot create directory `/scratch/projects/transcriptomics/mikeconnelly/projects/MetaPocillopora/data/srareads': File exists
Job is submitted to <transcriptomics> project.
Job is submitted to <transcriptomics> project.
Job is submitted to <transcriptomics> project.
Job is submitted to <transcriptomics> project.
Job is submitted to <transcriptomics> project.
Job is submitted to <transcriptomics> project.
Job is submitted to <transcriptomics> project.
Job is submitted to <transcriptomics> project.
Job is submitted to <transcriptomics> project.
Job is submitted to <transcriptomics> project.
Job is submitted to <transcriptomics> project.
Job is submitted to <transcriptomics> project.
Job is submitted to <transcriptomics> project.
Job is submitted to <transcriptomics> project.
Job is submitted to <transcriptomics> project.
Job is submitted to <transcriptomics> project.
Job is submitted to <transcriptomics> project.
Job is submitted to <transcriptomics> project.
Job is submitted to <transcriptomics> project.
Job is submitted to <transcriptomics> project.
