Loading bioinformatics/sratoolkit/2.9.6
  Loading requirement: gcc/7.3.0
+ Tue Dec 21 12:45:24 EST 2021 job fastqdump_Poquita-Du2019 started in sThC.q with jobID=1730197 on compute-43-05
Read 19809725 spots for SRR7040514
Written 19809725 spots for SRR7040514
Loading bioinformatics/sratoolkit/2.9.6
  Loading requirement: gcc/7.3.0
+ Tue Dec 21 15:06:55 EST 2021 job fastqdump_Poquita-Du2019 started in sThC.q with jobID=1730756 on compute-64-13
Read 17406018 spots for SRR7041301
Written 17406018 spots for SRR7041301
Read 22610220 spots for SRR7042978
Written 22610220 spots for SRR7042978
Read 7238891 spots for SRR7043013
Written 7238891 spots for SRR7043013
Read 10956480 spots for SRR7043704
Written 10956480 spots for SRR7043704
Read 9852680 spots for SRR7046161
Written 9852680 spots for SRR7046161
Read 11330475 spots for SRR7039808
Written 11330475 spots for SRR7039808
Read 15051068 spots for SRR6934388
Written 15051068 spots for SRR6934388
Read 14591108 spots for SRR6934542
Written 14591108 spots for SRR6934542
Loading bioinformatics/sratoolkit/2.9.6
  Loading requirement: gcc/7.3.0
+ Thu Dec 23 16:15:10 EST 2021 job fastqdump_Poquita-Du2019 started in lThC.q with jobID=1738467 on compute-64-14
Read 19809725 spots for SRR7040514
Written 19809725 spots for SRR7040514
Read 17406018 spots for SRR7041301
Written 17406018 spots for SRR7041301
Read 22610220 spots for SRR7042978
Written 22610220 spots for SRR7042978
Read 7238891 spots for SRR7043013
Written 7238891 spots for SRR7043013
Read 10956480 spots for SRR7043704
Written 10956480 spots for SRR7043704
Read 9852680 spots for SRR7046161
Written 9852680 spots for SRR7046161
Read 11330475 spots for SRR7039808
Written 11330475 spots for SRR7039808
Read 15051068 spots for SRR6934388
Written 15051068 spots for SRR6934388
Read 14591108 spots for SRR6934542
Written 14591108 spots for SRR6934542
Read 13955092 spots for SRR6935629
Written 13955092 spots for SRR6935629
2021-12-24T05:09:14 fastq-dump.2.9.6 sys: timeout exhausted while reading file within network system module - mbedtls_ssl_read returned -76 ( NET - Reading information from the socket failed )
Read 16152295 spots for SRR6942678
Written 16152295 spots for SRR6942678
2021-12-24T05:46:05 fastq-dump.2.9.6 sys: timeout exhausted while reading file within network system module - mbedtls_ssl_read returned -76 ( NET - Reading information from the socket failed )
2021-12-24T06:04:49 fastq-dump.2.9.6 sys: timeout exhausted while reading file within network system module - mbedtls_ssl_read returned -76 ( NET - Reading information from the socket failed )
2021-12-24T06:17:56 fastq-dump.2.9.6 sys: timeout exhausted while reading file within network system module - mbedtls_ssl_read returned -76 ( NET - Reading information from the socket failed )
Read 13274877 spots for SRR6942729
Written 13274877 spots for SRR6942729
Read 13059689 spots for SRR6951423
Written 13059689 spots for SRR6951423
Read 18879752 spots for SRR6951744
Written 18879752 spots for SRR6951744
Read 15119431 spots for SRR6952431
Written 15119431 spots for SRR6952431
Read 24615093 spots for SRR6986864
Written 24615093 spots for SRR6986864
Read 20915430 spots for SRR6987146
Written 20915430 spots for SRR6987146
Read 17192439 spots for SRR6963586
Written 17192439 spots for SRR6963586
Read 21882301 spots for SRR6963878
Written 21882301 spots for SRR6963878
Read 11222227 spots for SRR6963891
Written 11222227 spots for SRR6963891
Read 23442807 spots for SRR6964364
Written 23442807 spots for SRR6964364
Read 16833578 spots for SRR7055829
Written 16833578 spots for SRR7055829
Read 15820281 spots for SRR7058378
Written 15820281 spots for SRR7058378
Read 14598645 spots for SRR7058566
Written 14598645 spots for SRR7058566
Read 21680542 spots for SRR7058606
Written 21680542 spots for SRR7058606
Read 13389995 spots for SRR7058616
Written 13389995 spots for SRR7058616
Read 18192284 spots for SRR7059699
Written 18192284 spots for SRR7059699
Read 11986275 spots for SRR7062295
Written 11986275 spots for SRR7062295
Read 11092958 spots for SRR7062350
Written 11092958 spots for SRR7062350
Read 12203579 spots for SRR6914151
Written 12203579 spots for SRR6914151
Read 12967233 spots for SRR6914609
Written 12967233 spots for SRR6914609
Read 28545207 spots for SRR6914908
Written 28545207 spots for SRR6914908
Read 3943385 spots for SRR6906302
Written 3943385 spots for SRR6906302
Read 4574116 spots for SRR6906283
Written 4574116 spots for SRR6906283
Read 3920597 spots for SRR6906303
Written 3920597 spots for SRR6906303
Read 5651119 spots for SRR6906456
Written 5651119 spots for SRR6906456
Read 5687519 spots for SRR6906457
Written 5687519 spots for SRR6906457
Read 4715956 spots for SRR6906282
Written 4715956 spots for SRR6906282
Read 4562068 spots for SRR6906284
Written 4562068 spots for SRR6906284
Read 3851903 spots for SRR6906304
Written 3851903 spots for SRR6906304
Read 5794109 spots for SRR6906458
Written 5794109 spots for SRR6906458
Read 3052954 spots for SRR6881952
Written 3052954 spots for SRR6881952
Read 3082488 spots for SRR6881953
Written 3082488 spots for SRR6881953
Read 3052993 spots for SRR6881951
Written 3052993 spots for SRR6881951
= Fri Dec 24 19:54:49 EST 2021 job fastqdump_Poquita-Du2019 done
